00:00:03.884355 VirtualBox VM 7.0.12 r159484 win.amd64 (Oct 12 2023 19:53:29) release log
00:00:03.884357 Log opened 2025-05-21T12:22:00.532081800Z
00:00:03.884357 Build Type: release
00:00:03.884360 OS Product: Windows 11
00:00:03.884361 OS Release: 10.0.26100
00:00:03.884361 OS Service Pack: 
00:00:03.970102 DMI Product Name: System Product Name
00:00:03.973361 DMI Product Version: System Version
00:00:03.973369 Firmware type: UEFI
00:00:03.973822 Secure Boot: Disabled
00:00:03.973828 Host RAM: 64655MB (63.1GB) total, 51944MB (50.7GB) available
00:00:03.973830 Executable: C:\Program Files\Oracle\VirtualBox\VirtualBoxVM.exe
00:00:03.973831 Process ID: 17624
00:00:03.973831 Package type: WINDOWS_64BITS_GENERIC
00:00:03.976363 Installed Extension Packs:
00:00:03.976375   None installed!
00:00:03.976922 Console: Machine state changed to 'Starting'
00:00:03.977193 Qt version: 5.15.2
00:00:03.982924 GUI: UIMediumEnumerator: Medium-enumeration finished!
00:00:04.037660 SUP: seg #0: R   0x00000000 LB 0x00001000
00:00:04.037674 SUP: seg #1: R X 0x00001000 LB 0x00179000
00:00:04.037677 SUP: seg #2: R   0x0017a000 LB 0x00051000
00:00:04.037680 SUP: seg #3: RW  0x001cb000 LB 0x00013000
00:00:04.037682 SUP: seg #4: R   0x001de000 LB 0x00011000
00:00:04.037685 SUP: seg #5: RW  0x001ef000 LB 0x00004000
00:00:04.037687 SUP: seg #6: R   0x001f3000 LB 0x00010000
00:00:04.037690 SUP: seg #7: R X 0x00203000 LB 0x00002000
00:00:04.037692 SUP: seg #8: R   0x00205000 LB 0x00007000
00:00:04.040862 SUP: Loaded VMMR0.r0 (C:\Program Files\Oracle\VirtualBox/VMMR0.r0) at 0xXXXXXXXXXXXXXXXX - ModuleInit at XXXXXXXXXXXXXXXX and ModuleTerm at XXXXXXXXXXXXXXXX using the native ring-0 loader
00:00:04.040876 SUP: VMMR0EntryEx located at XXXXXXXXXXXXXXXX and VMMR0EntryFast at XXXXXXXXXXXXXXXX
00:00:04.040879 SUP: windbg> .reload /f C:\Program Files\Oracle\VirtualBox/VMMR0.r0=0xXXXXXXXXXXXXXXXX
00:00:04.042425 Guest OS type: 'RedHat_64'
00:00:04.042744 fHMForced=true - No raw-mode support in this build!
00:00:04.045333 File system of 'C:\SBU\CloudClub_bootC\IaC\bootc-webserver.vdi' is ntfs
00:00:04.047735 Audio: Detected default audio driver type is 'HostAudioWas'
00:00:04.063929 Shared Clipboard: Service loaded
00:00:04.063941 Shared Clipboard: Mode: Off
00:00:04.063993 Shared Clipboard: Service running in normal mode
00:00:04.079030 Drag and drop service loaded
00:00:04.079044 Drag and drop mode: Off
00:00:04.080054 ERROR [COM]: aRC=VBOX_E_IPRT_ERROR (0x80bb0005) aIID={6ac83d89-6ee7-4e33-8ae6-b257b2e81be8} aComponent={ConsoleWrap} aText={The VBoxGuestPropSvc service call failed with the error VERR_HGCM_SERVICE_NOT_FOUND}, preserve=false aResultDetail=-2900
00:00:04.080054 ************************* CFGM dump *************************
00:00:04.080054 [/] (level 0)
00:00:04.080054   CpuExecutionCap   <integer> = 0x0000000000000064 (100)
00:00:04.080054   EnablePAE         <integer> = 0x0000000000000001 (1)
00:00:04.080054   HMEnabled         <integer> = 0x0000000000000001 (1)
00:00:04.080054   MemBalloonSize    <integer> = 0x0000000000000000 (0, 0 B)
00:00:04.080054   Name              <string>  = "bootC" (cb=6)
00:00:04.080054   NumCPUs           <integer> = 0x0000000000000002 (2)
00:00:04.080054   PageFusionAllowed <integer> = 0x0000000000000000 (0)
00:00:04.080054   RamHoleSize       <integer> = 0x0000000020000000 (536 870 912, 512.0 MiB)
00:00:04.080054   RamSize           <integer> = 0x0000000100000000 (4 294 967 296, 4.0 GiB)
00:00:04.080054   TimerMillies      <integer> = 0x000000000000000a (10)
00:00:04.080054   UUID              <bytes>   = "66 ee 91 87 80 8e 96 40 a9 d1 fc e5 62 52 75 d0" (cb=16)
00:00:04.080054 
00:00:04.080054 [/CPUM/] (level 1)
00:00:04.080054   Enable64bit        <integer> = 0x0000000000000001 (1)
00:00:04.080054   GuestCpuName       <string>  = "host" (cb=5)
00:00:04.080054   NestedHWVirt       <integer> = 0x0000000000000000 (0)
00:00:04.080054   PortableCpuIdLevel <integer> = 0x0000000000000000 (0)
00:00:04.080054   SpecCtrl           <integer> = 0x0000000000000000 (0)
00:00:04.080054 
00:00:04.080054 [/CPUM/IsaExts/] (level 2)
00:00:04.080054 
00:00:04.080054 [/DBGC/] (level 1)
00:00:04.080054   GlobalInitScript <string>  = "C:\Users\SBU\.VirtualBox/dbgc-init" (cb=35)
00:00:04.080054   HistoryFile      <string>  = "C:\Users\SBU\.VirtualBox/dbgc-history" (cb=38)
00:00:04.080054   LocalInitScript  <string>  = "C:\SBU\CloudClub_bootC\VM\bootC/dbgc-init" (cb=42)
00:00:04.080054 
00:00:04.080054 [/DBGF/] (level 1)
00:00:04.080054   Path <string>  = "C:\SBU\CloudClub_bootC\VM\bootC/debug/;C:\SBU\CloudClub_bootC\VM\bootC/;cache*C:\SBU\CloudClub_bootC\VM\bootC/dbgcache/;C:\Users\SBU\" (cb=134)
00:00:04.080054 
00:00:04.080054 [/Devices/] (level 1)
00:00:04.080054 
00:00:04.080054 [/Devices/3c501/] (level 2)
00:00:04.080054 
00:00:04.080054 [/Devices/8237A/] (level 2)
00:00:04.080054 
00:00:04.080054 [/Devices/8237A/0/] (level 3)
00:00:04.080054   Trusted <integer> = 0x0000000000000001 (1)
00:00:04.080054 
00:00:04.080054 [/Devices/GIMDev/] (level 2)
00:00:04.080054 
00:00:04.080054 [/Devices/GIMDev/0/] (level 3)
00:00:04.080054   Trusted <integer> = 0x0000000000000001 (1)
00:00:04.080054 
00:00:04.080054 [/Devices/VMMDev/] (level 2)
00:00:04.080054 
00:00:04.080054 [/Devices/VMMDev/0/] (level 3)
00:00:04.080054   PCIBusNo      <integer> = 0x0000000000000000 (0)
00:00:04.080054   PCIDeviceNo   <integer> = 0x0000000000000004 (4)
00:00:04.080054   PCIFunctionNo <integer> = 0x0000000000000000 (0)
00:00:04.080054   Trusted       <integer> = 0x0000000000000001 (1)
00:00:04.080054 
00:00:04.080054 [/Devices/VMMDev/0/Config/] (level 4)
00:00:04.080054   GuestCoreDumpDir <string>  = "C:\SBU\CloudClub_bootC\VM\bootC\Snapshots" (cb=42)
00:00:04.080054 
00:00:04.080054 [/Devices/VMMDev/0/LUN#0/] (level 4)
00:00:04.080054   Driver <string>  = "HGCM" (cb=5)
00:00:04.080054 
00:00:04.080054 [/Devices/VMMDev/0/LUN#0/Config/] (level 5)
00:00:04.080054 
00:00:04.080054 [/Devices/VMMDev/0/LUN#999/] (level 4)
00:00:04.080054   Driver <string>  = "MainStatus" (cb=11)
00:00:04.080054 
00:00:04.080054 [/Devices/VMMDev/0/LUN#999/Config/] (level 5)
00:00:04.080054   First                <integer> = 0x0000000000000000 (0)
00:00:04.080054   HasMediumAttachments <integer> = 0x0000000000000000 (0)
00:00:04.080054   Last                 <integer> = 0x0000000000000000 (0)
00:00:04.080054   iLedSet              <integer> = 0x0000000000000006 (6)
00:00:04.080054 
00:00:04.080054 [/Devices/acpi/] (level 2)
00:00:04.080054 
00:00:04.080054 [/Devices/acpi/0/] (level 3)
00:00:04.080054   PCIBusNo      <integer> = 0x0000000000000000 (0)
00:00:04.080054   PCIDeviceNo   <integer> = 0x0000000000000007 (7)
00:00:04.080054   PCIFunctionNo <integer> = 0x0000000000000000 (0)
00:00:04.080054   Trusted       <integer> = 0x0000000000000001 (1)
00:00:04.080054 
00:00:04.080054 [/Devices/acpi/0/Config/] (level 4)
00:00:04.080054   CpuHotPlug          <integer> = 0x0000000000000000 (0)
00:00:04.080054   FdcEnabled          <integer> = 0x0000000000000000 (0)
00:00:04.080054   HostBusPciAddress   <integer> = 0x0000000000000000 (0)
00:00:04.080054   HpetEnabled         <integer> = 0x0000000000000000 (0)
00:00:04.080054   IOAPIC              <integer> = 0x0000000000000001 (1)
00:00:04.080054   IocPciAddress       <integer> = 0x0000000000010000 (65 536)
00:00:04.080054   NumCPUs             <integer> = 0x0000000000000002 (2)
00:00:04.080054   Parallel0IoPortBase <integer> = 0x0000000000000000 (0)
00:00:04.080054   Parallel0Irq        <integer> = 0x0000000000000000 (0)
00:00:04.080054   Parallel1IoPortBase <integer> = 0x0000000000000000 (0)
00:00:04.080054   Parallel1Irq        <integer> = 0x0000000000000000 (0)
00:00:04.080054   Serial0IoPortBase   <integer> = 0x0000000000000000 (0)
00:00:04.080054   Serial0Irq          <integer> = 0x0000000000000000 (0)
00:00:04.080054   Serial1IoPortBase   <integer> = 0x0000000000000000 (0)
00:00:04.080054   Serial1Irq          <integer> = 0x0000000000000000 (0)
00:00:04.080054   ShowCpu             <integer> = 0x0000000000000001 (1)
00:00:04.080054   ShowRtc             <integer> = 0x0000000000000000 (0)
00:00:04.080054   SmcEnabled          <integer> = 0x0000000000000000 (0)
00:00:04.080054 
00:00:04.080054 [/Devices/acpi/0/LUN#0/] (level 4)
00:00:04.080054   Driver <string>  = "ACPIHost" (cb=9)
00:00:04.080054 
00:00:04.080054 [/Devices/acpi/0/LUN#0/Config/] (level 5)
00:00:04.080054 
00:00:04.080054 [/Devices/acpi/0/LUN#1/] (level 4)
00:00:04.080054   Driver <string>  = "ACPICpu" (cb=8)
00:00:04.080054 
00:00:04.080054 [/Devices/acpi/0/LUN#1/Config/] (level 5)
00:00:04.080054 
00:00:04.080054 [/Devices/ahci/] (level 2)
00:00:04.080054 
00:00:04.080054 [/Devices/ahci/0/] (level 3)
00:00:04.080054   PCIBusNo      <integer> = 0x0000000000000000 (0)
00:00:04.080054   PCIDeviceNo   <integer> = 0x000000000000000d (13)
00:00:04.080054   PCIFunctionNo <integer> = 0x0000000000000000 (0)
00:00:04.080054   Trusted       <integer> = 0x0000000000000001 (1)
00:00:04.080054 
00:00:04.080054 [/Devices/ahci/0/Config/] (level 4)
00:00:04.080054   Bootable  <integer> = 0x0000000000000001 (1)
00:00:04.080054   PortCount <integer> = 0x0000000000000001 (1)
00:00:04.080054 
00:00:04.080054 [/Devices/ahci/0/Config/Port0/] (level 5)
00:00:04.080054   Hotpluggable <integer> = 0x0000000000000000 (0)
00:00:04.080054 
00:00:04.080054 [/Devices/ahci/0/LUN#0/] (level 4)
00:00:04.080054   Driver <string>  = "VD" (cb=3)
00:00:04.080054 
00:00:04.080054 [/Devices/ahci/0/LUN#0/Config/] (level 5)
00:00:04.080054   BlockCache <integer> = 0x0000000000000001 (1)
00:00:04.080054   Format     <string>  = "VDI" (cb=4)
00:00:04.080054   Mountable  <integer> = 0x0000000000000000 (0)
00:00:04.080054   Path       <string>  = "C:\SBU\CloudClub_bootC\IaC\bootc-webserver.vdi" (cb=47)
00:00:04.080054   Type       <string>  = "HardDisk" (cb=9)
00:00:04.080054   UseNewIo   <integer> = 0x0000000000000001 (1)
00:00:04.080054 
00:00:04.080054 [/Devices/ahci/0/LUN#0/Config/VDConfig/] (level 6)
00:00:04.080054   AllocationBlockSize <string>  = "1048576" (cb=8)
00:00:04.080054 
00:00:04.080054 [/Devices/ahci/0/LUN#999/] (level 4)
00:00:04.080054   Driver <string>  = "MainStatus" (cb=11)
00:00:04.080054 
00:00:04.080054 [/Devices/ahci/0/LUN#999/Config/] (level 5)
00:00:04.080054   DeviceInstance       <string>  = "ahci/0" (cb=7)
00:00:04.080054   First                <integer> = 0x0000000000000000 (0)
00:00:04.080054   HasMediumAttachments <integer> = 0x0000000000000001 (1)
00:00:04.080054   Last                 <integer> = 0x0000000000000000 (0)
00:00:04.080054   iLedSet              <integer> = 0x0000000000000004 (4)
00:00:04.080054 
00:00:04.080054 [/Devices/apic/] (level 2)
00:00:04.080054 
00:00:04.080054 [/Devices/apic/0/] (level 3)
00:00:04.080054   Trusted <integer> = 0x0000000000000001 (1)
00:00:04.080054 
00:00:04.080054 [/Devices/apic/0/Config/] (level 4)
00:00:04.080054   IOAPIC  <integer> = 0x0000000000000001 (1)
00:00:04.080054   Mode    <integer> = 0x0000000000000003 (3)
00:00:04.080054   NumCPUs <integer> = 0x0000000000000002 (2)
00:00:04.080054 
00:00:04.080054 [/Devices/dp8390/] (level 2)
00:00:04.080054 
00:00:04.080054 [/Devices/e1000/] (level 2)
00:00:04.080054 
00:00:04.080054 [/Devices/e1000/0/] (level 3)
00:00:04.080054   PCIBusNo      <integer> = 0x0000000000000000 (0)
00:00:04.080054   PCIDeviceNo   <integer> = 0x0000000000000003 (3)
00:00:04.080054   PCIFunctionNo <integer> = 0x0000000000000000 (0)
00:00:04.080054   Trusted       <integer> = 0x0000000000000001 (1)
00:00:04.080054 
00:00:04.080054 [/Devices/e1000/0/Config/] (level 4)
00:00:04.080054   AdapterType    <integer> = 0x0000000000000000 (0)
00:00:04.080054   CableConnected <integer> = 0x0000000000000001 (1)
00:00:04.080054   LineSpeed      <integer> = 0x0000000000000000 (0)
00:00:04.080054   MAC            <bytes>   = "08 00 27 85 a5 0f" (cb=6)
00:00:04.080054 
00:00:04.080054 [/Devices/e1000/0/LUN#0/] (level 4)
00:00:04.080054   Driver <string>  = "NAT" (cb=4)
00:00:04.080054 
00:00:04.080054 [/Devices/e1000/0/LUN#0/Config/] (level 5)
00:00:04.080054   AliasMode          <integer> = 0x0000000000000000 (0)
00:00:04.080054   BootFile           <string>  = "bootC.pxe" (cb=10)
00:00:04.080054   DNSProxy           <integer> = 0x0000000000000000 (0)
00:00:04.080054   LocalhostReachable <integer> = 0x0000000000000001 (1)
00:00:04.080054   Network            <string>  = "10.0.2.0/24" (cb=12)
00:00:04.080054   PassDomain         <integer> = 0x0000000000000001 (1)
00:00:04.080054   TFTPPrefix         <string>  = "C:\Users\SBU\.VirtualBox\TFTP" (cb=30)
00:00:04.080054   UseHostResolver    <integer> = 0x0000000000000000 (0)
00:00:04.080054 
00:00:04.080054 [/Devices/e1000/0/LUN#999/] (level 4)
00:00:04.080054   Driver <string>  = "MainStatus" (cb=11)
00:00:04.080054 
00:00:04.080054 [/Devices/e1000/0/LUN#999/Config/] (level 5)
00:00:04.080054   First                <integer> = 0x0000000000000000 (0)
00:00:04.080054   HasMediumAttachments <integer> = 0x0000000000000000 (0)
00:00:04.080054   Last                 <integer> = 0x0000000000000000 (0)
00:00:04.080054   iLedSet              <integer> = 0x0000000000000005 (5)
00:00:04.080054 
00:00:04.080054 [/Devices/efi/] (level 2)
00:00:04.080054 
00:00:04.080054 [/Devices/efi/0/] (level 3)
00:00:04.080054   Trusted <integer> = 0x0000000000000001 (1)
00:00:04.080054 
00:00:04.080054 [/Devices/efi/0/Config/] (level 4)
00:00:04.080054   64BitEntry  <integer> = 0x0000000000000001 (1)
00:00:04.080054   APIC        <integer> = 0x0000000000000001 (1)
00:00:04.080054   BootArgs    <string>  = "" (cb=1)
00:00:04.080054   DeviceProps <string>  = "" (cb=1)
00:00:04.080054   EfiRom      <string>  = "VBoxEFI64.fd" (cb=13)
00:00:04.080054   IOAPIC      <integer> = 0x0000000000000001 (1)
00:00:04.080054   McfgBase    <integer> = 0x0000000000000000 (0)
00:00:04.080054   McfgLength  <integer> = 0x0000000000000000 (0)
00:00:04.080054   NumCPUs     <integer> = 0x0000000000000002 (2)
00:00:04.080054   NvramFile   <string>  = "C:\SBU\CloudClub_bootC\VM\bootC\bootC.nvram" (cb=44)
00:00:04.080054   UUID        <bytes>   = "66 ee 91 87 80 8e 96 40 a9 d1 fc e5 62 52 75 d0" (cb=16)
00:00:04.080054   UuidLe      <integer> = 0x0000000000000001 (1)
00:00:04.080054 
00:00:04.080054 [/Devices/efi/0/LUN#0/] (level 4)
00:00:04.080054   Driver <string>  = "NvramStore" (cb=11)
00:00:04.080054 
00:00:04.080054 [/Devices/i8254/] (level 2)
00:00:04.080054 
00:00:04.080054 [/Devices/i8254/0/] (level 3)
00:00:04.080054 
00:00:04.080054 [/Devices/i8254/0/Config/] (level 4)
00:00:04.080054 
00:00:04.080054 [/Devices/i8259/] (level 2)
00:00:04.080054 
00:00:04.080054 [/Devices/i8259/0/] (level 3)
00:00:04.080054   Trusted <integer> = 0x0000000000000001 (1)
00:00:04.080054 
00:00:04.080054 [/Devices/i8259/0/Config/] (level 4)
00:00:04.080054 
00:00:04.080054 [/Devices/ichac97/] (level 2)
00:00:04.080054 
00:00:04.080054 [/Devices/ichac97/0/] (level 3)
00:00:04.080054   PCIBusNo      <integer> = 0x0000000000000000 (0)
00:00:04.080054   PCIDeviceNo   <integer> = 0x0000000000000005 (5)
00:00:04.080054   PCIFunctionNo <integer> = 0x0000000000000000 (0)
00:00:04.080054   Trusted       <integer> = 0x0000000000000001 (1)
00:00:04.080054 
00:00:04.080054 [/Devices/ichac97/0/AudioConfig/] (level 4)
00:00:04.080054 
00:00:04.080054 [/Devices/ichac97/0/Config/] (level 4)
00:00:04.080054   Codec        <string>  = "AD1980" (cb=7)
00:00:04.080054   DebugEnabled <integer> = 0x0000000000000000 (0)
00:00:04.080054 
00:00:04.080054 [/Devices/ichac97/0/LUN#0/] (level 4)
00:00:04.080054   Driver <string>  = "AUDIO" (cb=6)
00:00:04.080054 
00:00:04.080054 [/Devices/ichac97/0/LUN#0/AttachedDriver/] (level 5)
00:00:04.080054   Driver <string>  = "HostAudioWas" (cb=13)
00:00:04.080054 
00:00:04.080054 [/Devices/ichac97/0/LUN#0/AttachedDriver/Config/] (level 6)
00:00:04.080054   VmName <string>  = "bootC" (cb=6)
00:00:04.080054   VmUuid <string>  = "8791ee66-8e80-4096-a9d1-fce5625275d0" (cb=37)
00:00:04.080054 
00:00:04.080054 [/Devices/ichac97/0/LUN#0/Config/] (level 5)
00:00:04.080054   DriverName    <string>  = "HostAudioWas" (cb=13)
00:00:04.080054   InputEnabled  <integer> = 0x0000000000000000 (0)
00:00:04.080054   OutputEnabled <integer> = 0x0000000000000001 (1)
00:00:04.080054 
00:00:04.080054 [/Devices/ichac97/0/LUN#1/] (level 4)
00:00:04.080054   Driver <string>  = "AUDIO" (cb=6)
00:00:04.080054 
00:00:04.080054 [/Devices/ichac97/0/LUN#2/] (level 4)
00:00:04.080054   Driver <string>  = "AUDIO" (cb=6)
00:00:04.080054 
00:00:04.080054 [/Devices/ioapic/] (level 2)
00:00:04.080054 
00:00:04.080054 [/Devices/ioapic/0/] (level 3)
00:00:04.080054   Trusted <integer> = 0x0000000000000001 (1)
00:00:04.080054 
00:00:04.080054 [/Devices/ioapic/0/Config/] (level 4)
00:00:04.080054   NumCPUs <integer> = 0x0000000000000002 (2)
00:00:04.080054 
00:00:04.080054 [/Devices/mc146818/] (level 2)
00:00:04.080054 
00:00:04.080054 [/Devices/mc146818/0/] (level 3)
00:00:04.080054 
00:00:04.080054 [/Devices/mc146818/0/Config/] (level 4)
00:00:04.080054   UseUTC <integer> = 0x0000000000000001 (1)
00:00:04.080054 
00:00:04.080054 [/Devices/parallel/] (level 2)
00:00:04.080054 
00:00:04.080054 [/Devices/pcarch/] (level 2)
00:00:04.080054 
00:00:04.080054 [/Devices/pcarch/0/] (level 3)
00:00:04.080054   Trusted <integer> = 0x0000000000000001 (1)
00:00:04.080054 
00:00:04.080054 [/Devices/pcarch/0/Config/] (level 4)
00:00:04.080054 
00:00:04.080054 [/Devices/pci/] (level 2)
00:00:04.080054 
00:00:04.080054 [/Devices/pci/0/] (level 3)
00:00:04.080054   Trusted <integer> = 0x0000000000000001 (1)
00:00:04.080054 
00:00:04.080054 [/Devices/pci/0/Config/] (level 4)
00:00:04.080054   IOAPIC <integer> = 0x0000000000000001 (1)
00:00:04.080054 
00:00:04.080054 [/Devices/pcibridge/] (level 2)
00:00:04.080054 
00:00:04.080054 [/Devices/pckbd/] (level 2)
00:00:04.080054 
00:00:04.080054 [/Devices/pckbd/0/] (level 3)
00:00:04.080054   Trusted <integer> = 0x0000000000000001 (1)
00:00:04.080054 
00:00:04.080054 [/Devices/pckbd/0/Config/] (level 4)
00:00:04.080054 
00:00:04.080054 [/Devices/pckbd/0/LUN#0/] (level 4)
00:00:04.080054   Driver <string>  = "KeyboardQueue" (cb=14)
00:00:04.080054 
00:00:04.080054 [/Devices/pckbd/0/LUN#0/AttachedDriver/] (level 5)
00:00:04.080054   Driver <string>  = "MainKeyboard" (cb=13)
00:00:04.080054 
00:00:04.080054 [/Devices/pckbd/0/LUN#0/Config/] (level 5)
00:00:04.080054   QueueSize <integer> = 0x0000000000000040 (64, 64 B)
00:00:04.080054 
00:00:04.080054 [/Devices/pckbd/0/LUN#1/] (level 4)
00:00:04.080054   Driver <string>  = "MouseQueue" (cb=11)
00:00:04.080054 
00:00:04.080054 [/Devices/pckbd/0/LUN#1/AttachedDriver/] (level 5)
00:00:04.080054   Driver <string>  = "MainMouse" (cb=10)
00:00:04.080054 
00:00:04.080054 [/Devices/pckbd/0/LUN#1/Config/] (level 5)
00:00:04.080054   QueueSize <integer> = 0x0000000000000080 (128, 128 B)
00:00:04.080054 
00:00:04.080054 [/Devices/pcnet/] (level 2)
00:00:04.080054 
00:00:04.080054 [/Devices/piix3ide/] (level 2)
00:00:04.080054 
00:00:04.080054 [/Devices/piix3ide/0/] (level 3)
00:00:04.080054   PCIBusNo      <integer> = 0x0000000000000000 (0)
00:00:04.080054   PCIDeviceNo   <integer> = 0x0000000000000001 (1)
00:00:04.080054   PCIFunctionNo <integer> = 0x0000000000000001 (1)
00:00:04.080054   Trusted       <integer> = 0x0000000000000001 (1)
00:00:04.080054 
00:00:04.080054 [/Devices/piix3ide/0/Config/] (level 4)
00:00:04.080054   Type <string>  = "PIIX4" (cb=6)
00:00:04.080054 
00:00:04.080594 [/Devices/piix3ide/0/LUN#2/] (level 4)
00:00:04.080595   Driver <string>  = "VD" (cb=3)
00:00:04.080596 
00:00:04.080596 [/Devices/piix3ide/0/LUN#2/Config/] (level 5)
00:00:04.080597   EmptyDrive <integer> = 0x0000000000000001 (1)
00:00:04.080598   Mountable  <integer> = 0x0000000000000001 (1)
00:00:04.080598   Type       <string>  = "DVD" (cb=4)
00:00:04.080599 
00:00:04.080599 [/Devices/piix3ide/0/LUN#999/] (level 4)
00:00:04.080599   Driver <string>  = "MainStatus" (cb=11)
00:00:04.080600 
00:00:04.080600 [/Devices/piix3ide/0/LUN#999/Config/] (level 5)
00:00:04.080601   DeviceInstance       <string>  = "piix3ide/0" (cb=11)
00:00:04.080602   First                <integer> = 0x0000000000000000 (0)
00:00:04.080602   HasMediumAttachments <integer> = 0x0000000000000001 (1)
00:00:04.080603   Last                 <integer> = 0x0000000000000003 (3)
00:00:04.080604   iLedSet              <integer> = 0x0000000000000003 (3)
00:00:04.080604 
00:00:04.080604 [/Devices/serial/] (level 2)
00:00:04.080605 
00:00:04.080605 [/Devices/usb-ehci/] (level 2)
00:00:04.080606 
00:00:04.080606 [/Devices/usb-ehci/0/] (level 3)
00:00:04.080607   PCIBusNo      <integer> = 0x0000000000000000 (0)
00:00:04.080608   PCIDeviceNo   <integer> = 0x000000000000000b (11)
00:00:04.080608   PCIFunctionNo <integer> = 0x0000000000000000 (0)
00:00:04.080608   Trusted       <integer> = 0x0000000000000001 (1)
00:00:04.080609 
00:00:04.080609 [/Devices/usb-ehci/0/Config/] (level 4)
00:00:04.080610 
00:00:04.080610 [/Devices/usb-ehci/0/LUN#0/] (level 4)
00:00:04.080611   Driver <string>  = "VUSBRootHub" (cb=12)
00:00:04.080611 
00:00:04.080611 [/Devices/usb-ehci/0/LUN#0/Config/] (level 5)
00:00:04.080612 
00:00:04.080612 [/Devices/usb-ehci/0/LUN#999/] (level 4)
00:00:04.080612   Driver <string>  = "MainStatus" (cb=11)
00:00:04.080613 
00:00:04.080613 [/Devices/usb-ehci/0/LUN#999/Config/] (level 5)
00:00:04.080614   First                <integer> = 0x0000000000000000 (0)
00:00:04.080614   HasMediumAttachments <integer> = 0x0000000000000000 (0)
00:00:04.080614   Last                 <integer> = 0x0000000000000000 (0)
00:00:04.080615   iLedSet              <integer> = 0x0000000000000002 (2)
00:00:04.080615 
00:00:04.080615 [/Devices/usb-ohci/] (level 2)
00:00:04.080616 
00:00:04.080616 [/Devices/usb-ohci/0/] (level 3)
00:00:04.080616   PCIBusNo      <integer> = 0x0000000000000000 (0)
00:00:04.080616   PCIDeviceNo   <integer> = 0x0000000000000006 (6)
00:00:04.080617   PCIFunctionNo <integer> = 0x0000000000000000 (0)
00:00:04.080617   Trusted       <integer> = 0x0000000000000001 (1)
00:00:04.080617 
00:00:04.080617 [/Devices/usb-ohci/0/Config/] (level 4)
00:00:04.080618 
00:00:04.080618 [/Devices/usb-ohci/0/LUN#0/] (level 4)
00:00:04.080618   Driver <string>  = "VUSBRootHub" (cb=12)
00:00:04.080619 
00:00:04.080619 [/Devices/usb-ohci/0/LUN#0/Config/] (level 5)
00:00:04.080619 
00:00:04.080619 [/Devices/usb-ohci/0/LUN#999/] (level 4)
00:00:04.080620   Driver <string>  = "MainStatus" (cb=11)
00:00:04.080620 
00:00:04.080620 [/Devices/usb-ohci/0/LUN#999/Config/] (level 5)
00:00:04.080621   First                <integer> = 0x0000000000000000 (0)
00:00:04.080621   HasMediumAttachments <integer> = 0x0000000000000000 (0)
00:00:04.080621   Last                 <integer> = 0x0000000000000000 (0)
00:00:04.080622   iLedSet              <integer> = 0x0000000000000001 (1)
00:00:04.080622 
00:00:04.080622 [/Devices/vga/] (level 2)
00:00:04.080623 
00:00:04.080623 [/Devices/vga/0/] (level 3)
00:00:04.080623   PCIBusNo      <integer> = 0x0000000000000000 (0)
00:00:04.080624   PCIDeviceNo   <integer> = 0x0000000000000002 (2)
00:00:04.080624   PCIFunctionNo <integer> = 0x0000000000000000 (0)
00:00:04.080624   Trusted       <integer> = 0x0000000000000001 (1)
00:00:04.080624 
00:00:04.080625 [/Devices/vga/0/Config/] (level 4)
00:00:04.080626   3DEnabled          <integer> = 0x0000000000000000 (0)
00:00:04.080626   CustomVideoModes   <integer> = 0x0000000000000000 (0)
00:00:04.080626   FadeIn             <integer> = 0x0000000000000001 (1)
00:00:04.080627   FadeOut            <integer> = 0x0000000000000001 (1)
00:00:04.080627   HeightReduction    <integer> = 0x0000000000000000 (0)
00:00:04.080627   LogoFile           <string>  = "" (cb=1)
00:00:04.080628   LogoTime           <integer> = 0x0000000000000000 (0)
00:00:04.080628   MonitorCount       <integer> = 0x0000000000000001 (1)
00:00:04.080628   ShowBootMenu       <integer> = 0x0000000000000002 (2)
00:00:04.080628   VMSVGA3dEnabled    <integer> = 0x0000000000000000 (0)
00:00:04.080629   VMSVGAEnabled      <integer> = 0x0000000000000001 (1)
00:00:04.080629   VMSVGAPciBarLayout <integer> = 0x0000000000000001 (1)
00:00:04.080629   VMSVGAPciId        <integer> = 0x0000000000000001 (1)
00:00:04.080630   VRamSize           <integer> = 0x0000000001100000 (17 825 792, 17.0 MiB)
00:00:04.080630 
00:00:04.080631 [/Devices/vga/0/LUN#0/] (level 4)
00:00:04.080631   Driver <string>  = "MainDisplay" (cb=12)
00:00:04.080631 
00:00:04.080631 [/Devices/vga/0/LUN#0/Config/] (level 5)
00:00:04.080632 
00:00:04.080632 [/Devices/vga/0/LUN#999/] (level 4)
00:00:04.080632   Driver <string>  = "MainStatus" (cb=11)
00:00:04.080632 
00:00:04.080633 [/Devices/vga/0/LUN#999/Config/] (level 5)
00:00:04.080633   First                <integer> = 0x0000000000000000 (0)
00:00:04.080634   HasMediumAttachments <integer> = 0x0000000000000000 (0)
00:00:04.080634   Last                 <integer> = 0x0000000000000000 (0)
00:00:04.080634   iLedSet              <integer> = 0x0000000000000000 (0)
00:00:04.080635 
00:00:04.080635 [/Devices/virtio-net/] (level 2)
00:00:04.080635 
00:00:04.080635 [/EM/] (level 1)
00:00:04.080636   TripleFaultReset <integer> = 0x0000000000000000 (0)
00:00:04.080636 
00:00:04.080636 [/GCM/] (level 1)
00:00:04.080637   FixerSet <integer> = 0x0000000000000000 (0)
00:00:04.080637 
00:00:04.080637 [/GIM/] (level 1)
00:00:04.080638   Provider <string>  = "KVM" (cb=4)
00:00:04.080638 
00:00:04.080638 [/HM/] (level 1)
00:00:04.080639   64bitEnabled            <integer> = 0x0000000000000001 (1)
00:00:04.080639   EnableLargePages        <integer> = 0x0000000000000001 (1)
00:00:04.080640   EnableNestedPaging      <integer> = 0x0000000000000001 (1)
00:00:04.080640   EnableUX                <integer> = 0x0000000000000001 (1)
00:00:04.080641   EnableVPID              <integer> = 0x0000000000000001 (1)
00:00:04.080641   Exclusive               <integer> = 0x0000000000000000 (0)
00:00:04.080641   HMForced                <integer> = 0x0000000000000001 (1)
00:00:04.080642   IBPBOnVMEntry           <integer> = 0x0000000000000000 (0)
00:00:04.080642   IBPBOnVMExit            <integer> = 0x0000000000000000 (0)
00:00:04.080642   L1DFlushOnSched         <integer> = 0x0000000000000001 (1)
00:00:04.080643   L1DFlushOnVMEntry       <integer> = 0x0000000000000000 (0)
00:00:04.080643   LovelyMesaDrvWorkaround <integer> = 0x0000000000000001 (1)
00:00:04.080643   MDSClearOnSched         <integer> = 0x0000000000000001 (1)
00:00:04.080644   MDSClearOnVMEntry       <integer> = 0x0000000000000000 (0)
00:00:04.080644   SpecCtrlByHost          <integer> = 0x0000000000000000 (0)
00:00:04.080644   SvmVirtVmsaveVmload     <integer> = 0x0000000000000000 (0)
00:00:04.080645   UseNEMInstead           <integer> = 0x0000000000000000 (0)
00:00:04.080645 
00:00:04.080645 [/MM/] (level 1)
00:00:04.080646   CanUseLargerHeap <integer> = 0x0000000000000000 (0)
00:00:04.080646 
00:00:04.080646 [/NEM/] (level 1)
00:00:04.080646   Allow64BitGuests        <integer> = 0x0000000000000001 (1)
00:00:04.080647   LovelyMesaDrvWorkaround <integer> = 0x0000000000000001 (1)
00:00:04.080647 
00:00:04.080647 [/PDM/] (level 1)
00:00:04.080647 
00:00:04.080648 [/PDM/AsyncCompletion/] (level 2)
00:00:04.080648 
00:00:04.080648 [/PDM/AsyncCompletion/File/] (level 3)
00:00:04.080649 
00:00:04.080649 [/PDM/AsyncCompletion/File/BwGroups/] (level 4)
00:00:04.080649 
00:00:04.080650 [/PDM/BlkCache/] (level 2)
00:00:04.080650   CacheSize <integer> = 0x0000000000500000 (5 242 880, 5.0 MiB)
00:00:04.080651 
00:00:04.080651 [/PDM/Devices/] (level 2)
00:00:04.080651 
00:00:04.080651 [/PDM/Drivers/] (level 2)
00:00:04.080651 
00:00:04.080652 [/PDM/Drivers/VBoxC/] (level 3)
00:00:04.080652   Path <string>  = "VBoxC" (cb=6)
00:00:04.080652 
00:00:04.080652 [/PDM/NetworkShaper/] (level 2)
00:00:04.080653 
00:00:04.080653 [/PDM/NetworkShaper/BwGroups/] (level 3)
00:00:04.080653 
00:00:04.080653 [/TM/] (level 1)
00:00:04.080654   UTCOffset <integer> = 0x0000000000000000 (0)
00:00:04.080654 
00:00:04.080654 [/USB/] (level 1)
00:00:04.080654 
00:00:04.080655 [/USB/USBProxy/] (level 2)
00:00:04.080655 
00:00:04.080655 [/USB/USBProxy/GlobalConfig/] (level 3)
00:00:04.080655 
00:00:04.080656 ********************* End of CFGM dump **********************
00:00:04.080801 HM: HMR3Init: Attempting fall back to NEM: AMD-V is not available
00:00:04.085217 GUI: UIMediumEnumerator: Medium-enumeration finished!
00:00:04.121157 NEM:  info: Found optional import WinHvPlatform.dll!WHvQueryGpaRangeDirtyBitmap.
00:00:04.121169 NEM:  info: Found optional import vid.dll!VidGetHvPartitionId.
00:00:04.121172 NEM:  info: Found optional import vid.dll!VidGetPartitionProperty.
00:00:04.121353 NEM: WHvCapabilityCodeHypervisorPresent is TRUE, so this might work...
00:00:04.121358 NEM: WHvCapabilityCodeExtendedVmExits      = 0x0000000000007fff
00:00:04.121362 NEM:                       fExtendedMsrExit: 1
00:00:04.121365 NEM:                     fExtendedCpuIdExit: 1
00:00:04.121367 NEM:                      fExtendedXcptExit: 1
00:00:04.121370 NEM: Warning! Unknown VM exit definitions: 0x7fff
00:00:04.121373 NEM: Warning! Unknown feature definitions: 0x2ff
00:00:04.121375 NEM: Supported exception exit bitmap: 0xf7dfb
00:00:04.121381 NEM: WHvCapabilityCodeProcessorVendor      = 0 - AMD
00:00:04.121390 NEM: WHvCapabilityCodeProcessorFeatures    = 0x06037fcb67f39fbf
00:00:04.121393 NEM:                            Sse3Support: 1
00:00:04.121397 NEM:                        LahfSahfSupport: 1
00:00:04.121400 NEM:                           Ssse3Support: 1
00:00:04.121403 NEM:                          Sse4_1Support: 1
00:00:04.121405 NEM:                          Sse4_2Support: 1
00:00:04.121408 NEM:                           Sse4aSupport: 1
00:00:04.121410 NEM:                             XopSupport: 0
00:00:04.121413 NEM:                          PopCntSupport: 1
00:00:04.121415 NEM:                      Cmpxchg16bSupport: 1
00:00:04.121418 NEM:                       Altmovcr8Support: 1
00:00:04.121420 NEM:                           LzcntSupport: 1
00:00:04.121423 NEM:                     MisAlignSseSupport: 1
00:00:04.121425 NEM:                          MmxExtSupport: 1
00:00:04.121428 NEM:                        Amd3DNowSupport: 0
00:00:04.121430 NEM:                ExtendedAmd3DNowSupport: 0
00:00:04.121432 NEM:                         Page1GbSupport: 1
00:00:04.121435 NEM:                             AesSupport: 1
00:00:04.121437 NEM:                       PclmulqdqSupport: 1
00:00:04.121440 NEM:                            PcidSupport: 0
00:00:04.121442 NEM:                            Fma4Support: 0
00:00:04.121445 NEM:                            F16CSupport: 1
00:00:04.121447 NEM:                          RdRandSupport: 1
00:00:04.121449 NEM:                        RdWrFsGsSupport: 1
00:00:04.121452 NEM:                            SmepSupport: 1
00:00:04.121454 NEM:              EnhancedFastStringSupport: 1
00:00:04.121457 NEM:                            Bmi1Support: 1
00:00:04.121459 NEM:                            Bmi2Support: 1
00:00:04.121461 NEM:                           MovbeSupport: 1
00:00:04.121464 NEM:                          Npiep1Support: 1
00:00:04.121466 NEM:                   DepX87FPUSaveSupport: 0
00:00:04.121469 NEM:                          RdSeedSupport: 1
00:00:04.121471 NEM:                             AdxSupport: 1
00:00:04.121473 NEM:                   IntelPrefetchSupport: 0
00:00:04.121476 NEM:                            SmapSupport: 1
00:00:04.121479 NEM:                             HleSupport: 0
00:00:04.121481 NEM:                             RtmSupport: 0
00:00:04.121483 NEM:                          RdtscpSupport: 1
00:00:04.121486 NEM:                      ClflushoptSupport: 1
00:00:04.121488 NEM:                            ClwbSupport: 1
00:00:04.121491 NEM:                             ShaSupport: 1
00:00:04.121493 NEM:                X87PointersSavedSupport: 1
00:00:04.121495 NEM: Warning! Unknown CPU features: 0x6037fcb67f39fbf
00:00:04.121501 NEM: WHvCapabilityCodeProcessorClFlushSize = 2^8
00:00:04.121504 NEM: Warning! Unknown capability 0x4 returning: 3f 00 00 00 00 00 00 00 00 00 00 00 00 00 00 00 00 00 00 00 00 00 00 00
00:00:04.121511 NEM: Warning! Unknown capability 0x5 returning: 03 00 00 00 00 00 00 00 00 00 00 00 00 00 00 00 00 00 00 00 00 00 00 00
00:00:04.121527 NEM: Warning! Unknown capability 0x6 returning: 00 00 00 00 00 00 00 00 00 00 00 00 00 00 00 00 00 00 00 00 00 00 00 00
00:00:04.121825 NEM: Warning! Unknown capability 0x1003 returning: df ff ff 00 00 00 00 00 00 00 00 00 00 00 00 00 00 00 00 00 00 00 00 00
00:00:04.121836 NEM: Warning! Unknown capability 0x1004 returning: a2 a7 1e dc 00 00 00 00 00 00 00 00 00 00 00 00 00 00 00 00 00 00 00 00
00:00:04.121840 NEM: Warning! Unknown capability 0x1005 returning: 00 c2 eb 0b 00 00 00 00 00 00 00 00 00 00 00 00 00 00 00 00 00 00 00 00
00:00:04.121843 NEM: Warning! Unknown capability 0x1006 returning: 02 00 00 00 00 00 00 00 bf 9f f3 67 cb 7f 03 06 ef 01 00 e0 00 00 00 00
00:00:04.121847 NEM: Warning! Unknown capability 0x1007 returning: 00 00 00 00 00 00 00 00 00 00 00 00 00 00 00 00 00 00 00 00 00 00 00 00
00:00:04.121854 NEM: Warning! Unknown capability 0x1008 returning: 01 00 00 00 00 00 00 00 ff 8f 44 ff 6f 00 00 00 00 00 00 00 00 00 00 00
00:00:04.121860 NEM: Warning! Unknown capability 0x1009 returning: 03 00 00 00 00 00 00 00 00 00 00 00 00 00 00 00 00 00 00 00 00 00 00 00
00:00:04.121866 NEM: Warning! Unknown capability 0x100a returning: 30 00 00 00 00 00 00 00 00 00 00 00 00 00 00 00 00 00 00 00 00 00 00 00
00:00:04.122490 NEM: Created partition 00000207c688b870.
00:00:04.122505 NEM: Adjusting APIC configuration from X2APIC to APIC max mode.  X2APIC is not supported by the WinHvPlatform API!
00:00:04.122507 NEM: Disable Hyper-V if you need X2APIC for your guests!
00:00:04.122620 NEM:
00:00:04.122620 NEM: NEMR3Init: Snail execution mode is active!
00:00:04.122620 NEM: Note! VirtualBox is not able to run at its full potential in this execution mode.
00:00:04.122621 NEM:       To see VirtualBox run at max speed you need to disable all Windows features
00:00:04.122621 NEM:       making use of Hyper-V.  That is a moving target, so google how and carefully
00:00:04.122621 NEM:       consider the consequences of disabling these features.
00:00:04.122621 NEM:
00:00:04.122671 CPUM: No hardware-virtualization capability detected
00:00:04.122674 CPUM: fXStateHostMask=0xe7; initial: 0xe7; host XCR0=0xe7
00:00:04.125671 CPUM: Matched host CPU AMD 0x19/0x61/0x2 AMD_Unknown with CPU DB entry 'AMD Ryzen 7 1800X Eight-Core' (AMD 0x17/0x1/0x1 AMD_Zen_Ryzen)
00:00:04.127383 CPUM: MXCSR_MASK=0x2ffff (host: 0x2ffff)
00:00:04.127412 CPUM: Microcode revision 0x0A601209
00:00:04.127441 CPUM: MSR fudge: 0x00000001 IA32_P5_MC_TYPE
00:00:04.127444 CPUM: MSR fudge: 0x00000017 IA32_PLATFORM_ID
00:00:04.127463 CPUM: MSR fudge: 0x0000001b IA32_APIC_BASE
00:00:04.127465 CPUM: MSR fudge: 0x0000008b BIOS_SIGN
00:00:04.127468 CPUM: MSR fudge: 0x000000fe IA32_MTRRCAP
00:00:04.127470 CPUM: MSR fudge: 0x00000179 IA32_MCG_CAP
00:00:04.127473 CPUM: MSR fudge: 0x0000017a IA32_MCG_STATUS
00:00:04.127475 CPUM: MSR fudge: 0x000001a0 IA32_MISC_ENABLE
00:00:04.127489 CPUM: MSR fudge: 0x000001d9 IA32_DEBUGCTL
00:00:04.127492 CPUM: MSR fudge: 0x000001db P6_LAST_BRANCH_FROM_IP
00:00:04.127494 CPUM: MSR fudge: 0x000001dc P6_LAST_BRANCH_TO_IP
00:00:04.127496 CPUM: MSR fudge: 0x000001dd P6_LAST_INT_FROM_IP
00:00:04.127499 CPUM: MSR fudge: 0x000001de P6_LAST_INT_TO_IP
00:00:04.127501 CPUM: MSR fudge: 0x00000277 IA32_PAT
00:00:04.127503 CPUM: MSR fudge: 0x000002ff IA32_MTRR_DEF_TYPE
00:00:04.127517 CPUM: MSR fudge: 0x00000400 IA32_MCi_CTL_STATUS_ADDR_MISC
00:00:04.127531 CPUM: MSR fudge: 0x0000002c P4_EBC_FREQUENCY_ID
00:00:04.127546 CPUM: MSR fudge: 0xc0000103 AMD64_TSC_AUX
00:00:04.127584 CPUM: SetGuestCpuIdFeature: Enabled SYSENTER/EXIT
00:00:04.127588 CPUM: SetGuestCpuIdFeature: Enabled SYSCALL/RET
00:00:04.127591 CPUM: SetGuestCpuIdFeature: Enabled PAE
00:00:04.127593 CPUM: SetGuestCpuIdFeature: Enabled LAHF/SAHF
00:00:04.127595 CPUM: SetGuestCpuIdFeature: Enabled NX
00:00:04.127598 CPUM: SetGuestCpuIdFeature: Enabled LONG MODE
00:00:04.127602 CPUM: Set SSBD not required flag for AMD to work around some buggy Linux kernels!
00:00:04.128548 NEM: HvPartitionPropertyProcessorVendor=0x0 (0)
00:00:04.128730 NEM: Successfully set up partition (device handle 0000000000000eb9, partition ID 0x0)
00:00:04.128931 PGM: Host paging mode: AMD64+PGE+NX
00:00:04.128947 PGM: PGMPool: cMaxPages=2304 (u64MaxPages=2084)
00:00:04.128950 PGM: pgmR3PoolInit: cMaxPages=0x900 cMaxUsers=0x1200 cMaxPhysExts=0x1200 fCacheEnable=true
00:00:04.131026 SUPLib: MEM_LARGE_PAGES privilege not held.
00:00:04.206304 TM: GIP - u32Mode=3 (Invariant) u32UpdateHz=93 u32UpdateIntervalNS=10741500 enmUseTscDelta=2 (Practically Zero) fGetGipCpu=0x3b cCpus=24
00:00:04.206332 TM: GIP - u64CpuHz=3 692 996 410 (0xdc1ea73a)  SUPGetCpuHzFromGip => 3 692 996 410
00:00:04.206337 TM: GIP - CPU: iCpuSet=0x0 idCpu=0x0 idApic=0x0 iGipCpu=0x0 i64TSCDelta=0 enmState=3 u64CpuHz=3692996410(*) cErrors=0
00:00:04.206341 TM: GIP - CPU: iCpuSet=0x1 idCpu=0x1 idApic=0x1 iGipCpu=0x4 i64TSCDelta=0 enmState=3 u64CpuHz=3692995772(*) cErrors=0
00:00:04.206344 TM: GIP - CPU: iCpuSet=0x2 idCpu=0x2 idApic=0x2 iGipCpu=0x1 i64TSCDelta=0 enmState=3 u64CpuHz=3692994552(*) cErrors=0
00:00:04.206347 TM: GIP - CPU: iCpuSet=0x3 idCpu=0x3 idApic=0x3 iGipCpu=0x2 i64TSCDelta=0 enmState=3 u64CpuHz=3692994955(*) cErrors=0
00:00:04.206350 TM: GIP - CPU: iCpuSet=0x4 idCpu=0x4 idApic=0x4 iGipCpu=0x5 i64TSCDelta=0 enmState=3 u64CpuHz=3692996194(*) cErrors=0
00:00:04.206353 TM: GIP - CPU: iCpuSet=0x5 idCpu=0x5 idApic=0x5 iGipCpu=0x6 i64TSCDelta=0 enmState=3 u64CpuHz=3692996161(*) cErrors=0
00:00:04.206355 TM: GIP - CPU: iCpuSet=0x6 idCpu=0x6 idApic=0x6 iGipCpu=0x8 i64TSCDelta=0 enmState=3 u64CpuHz=3692996243(*) cErrors=0
00:00:04.206358 TM: GIP - CPU: iCpuSet=0x7 idCpu=0x7 idApic=0x7 iGipCpu=0x3 i64TSCDelta=0 enmState=3 u64CpuHz=3692995682(*) cErrors=0
00:00:04.206361 TM: GIP - CPU: iCpuSet=0x8 idCpu=0x8 idApic=0x8 iGipCpu=0x7 i64TSCDelta=0 enmState=3 u64CpuHz=3692996100(*) cErrors=0
00:00:04.206363 TM: GIP - CPU: iCpuSet=0x9 idCpu=0x9 idApic=0x9 iGipCpu=0xa i64TSCDelta=0 enmState=3 u64CpuHz=3692996334(*) cErrors=0
00:00:04.206366 TM: GIP - CPU: iCpuSet=0xa idCpu=0xa idApic=0xa iGipCpu=0xb i64TSCDelta=0 enmState=3 u64CpuHz=3692996397(*) cErrors=0
00:00:04.206369 TM: GIP - CPU: iCpuSet=0xb idCpu=0xb idApic=0xb iGipCpu=0x9 i64TSCDelta=0 enmState=3 u64CpuHz=3692996199(*) cErrors=0
00:00:04.206372 TM: GIP - CPU: iCpuSet=0xc idCpu=0xc idApic=0x10 iGipCpu=0xe i64TSCDelta=0 enmState=3 u64CpuHz=3692996410(*) cErrors=0
00:00:04.206374 TM: GIP - CPU: iCpuSet=0xd idCpu=0xd idApic=0x11 iGipCpu=0x12 i64TSCDelta=0 enmState=3 u64CpuHz=3692994552(*) cErrors=0
00:00:04.206377 TM: GIP - CPU: iCpuSet=0xe idCpu=0xe idApic=0x12 iGipCpu=0x16 i64TSCDelta=0 enmState=3 u64CpuHz=3692994552(*) cErrors=0
00:00:04.206380 TM: GIP - CPU: iCpuSet=0xf idCpu=0xf idApic=0x13 iGipCpu=0x11 i64TSCDelta=0 enmState=3 u64CpuHz=3692994552(*) cErrors=0
00:00:04.206383 TM: GIP - CPU: iCpuSet=0x10 idCpu=0x10 idApic=0x14 iGipCpu=0xd i64TSCDelta=0 enmState=3 u64CpuHz=3692996291(*) cErrors=0
00:00:04.206386 TM: GIP - CPU: iCpuSet=0x11 idCpu=0x11 idApic=0x15 iGipCpu=0xc i64TSCDelta=0 enmState=3 u64CpuHz=3692996322(*) cErrors=0
00:00:04.206389 TM: GIP - CPU: iCpuSet=0x12 idCpu=0x12 idApic=0x16 iGipCpu=0x15 i64TSCDelta=0 enmState=3 u64CpuHz=3692994552(*) cErrors=0
00:00:04.206391 TM: GIP - CPU: iCpuSet=0x13 idCpu=0x13 idApic=0x17 iGipCpu=0x13 i64TSCDelta=0 enmState=3 u64CpuHz=3692994552(*) cErrors=0
00:00:04.206394 TM: GIP - CPU: iCpuSet=0x14 idCpu=0x14 idApic=0x18 iGipCpu=0x17 i64TSCDelta=0 enmState=3 u64CpuHz=3692994552(*) cErrors=0
00:00:04.206397 TM: GIP - CPU: iCpuSet=0x15 idCpu=0x15 idApic=0x19 iGipCpu=0xf i64TSCDelta=0 enmState=3 u64CpuHz=3692994552(*) cErrors=0
00:00:04.206399 TM: GIP - CPU: iCpuSet=0x16 idCpu=0x16 idApic=0x1a iGipCpu=0x14 i64TSCDelta=0 enmState=3 u64CpuHz=3692994552(*) cErrors=0
00:00:04.206402 TM: GIP - CPU: iCpuSet=0x17 idCpu=0x17 idApic=0x1b iGipCpu=0x10 i64TSCDelta=0 enmState=3 u64CpuHz=3692994552(*) cErrors=0
00:00:04.206413 TM: NEM overrides the /TM/TSCModeSwitchAllowed setting.
00:00:04.206444 TM:     cTSCTicksPerSecond=3 692 996 410 (0xdc1ea73a) enmTSCMode=4 (NativeApi)
00:00:04.206446 TM: cTSCTicksPerSecondHost=3 692 996 410 (0xdc1ea73a)
00:00:04.206446 TM: TSCTiedToExecution=false TSCNotTiedToHalt=false
00:00:04.207301 EMR3Init: fIemExecutesAll=false fGuruOnTripleFault=true
00:00:04.207820 IEM: TargetCpu=CURRENT, Microarch=AMD_Unknown aidxTargetCpuEflFlavour={2,0}
00:00:04.208208 GIM: Using provider 'KVM' (Implementation version: 0)
00:00:04.208223 CPUM: SetGuestCpuIdFeature: Enabled Hypervisor Present bit
00:00:04.208290 GCM: Initialized (fixer bits: 0x0)
00:00:04.208365 AIOMgr: Default manager type is 'Async'
00:00:04.208368 AIOMgr: Default file backend is 'NonBuffered'
00:00:04.208432 BlkCache: Cache successfully initialized. Cache size is 5242880 bytes
00:00:04.208435 BlkCache: Cache commit interval is 10000 ms
00:00:04.208438 BlkCache: Cache commit threshold is 2621440 bytes
00:00:04.644536 EFI: boot args = 
00:00:04.644544 EFI: device props = 
00:00:04.644569 Found EFI FW Volume, 540672 bytes (132 4096-byte blocks)
00:00:04.651911 EFI: Registered 528KB flash at 00000000ffc00000
00:00:04.652303 CPUM: SetGuestCpuIdFeature: Enabled xAPIC
00:00:04.653309 IOAPIC: Version=2.0 ChipType=ICH9
00:00:04.653401 PIT: mode=3 count=0x10000 (65536) - 18.20 Hz (ch=0)
00:00:04.653567 VMMDev: cbDefaultBudget: 1 073 741 824 (40000000)
00:00:04.670258 Shared Folders service loaded
00:00:04.684661 Guest Control service loaded
00:00:04.705659 VGA: Using the 386+ BIOS image.
00:00:04.707793 DrvVD: Flushes will be ignored
00:00:04.707801 DrvVD: Async flushes will be passed to the disk
00:00:04.708689 VD: VDInit finished with VINF_SUCCESS
00:00:04.709049 AIOMgr: Endpoint for file 'C:\SBU\CloudClub_bootC\IaC\bootc-webserver.vdi' (flags 000c0723) created successfully
00:00:04.709529 VD: Opening the disk took 976504 ns
00:00:04.709614 AHCI: LUN#0: disk, PCHS=16383/16/63, total number of sectors 20971520
00:00:04.709728 AHCI#0: Reset the HBA
00:00:04.709738 VD#0: Cancelling all active requests
00:00:04.710225 PIIX3 ATA: LUN#0: no unit
00:00:04.710233 PIIX3 ATA: LUN#1: no unit
00:00:04.710270 DrvVD: Flushes will be ignored
00:00:04.710273 DrvVD: Async flushes will be passed to the disk
00:00:04.710302 PIIX3 ATA: LUN#2: CD/DVD, total number of sectors 0, passthrough disabled
00:00:04.710354 PIIX3 ATA: LUN#3: no unit
00:00:04.710376 PIIX3 ATA: Ctl#0: finished processing RESET
00:00:04.710397 PIIX3 ATA: Ctl#1: finished processing RESET
00:00:04.710475 E1000#0: Chip=82540EM LinkUpDelay=5000ms EthernetCRC=on GSO=enabled Itr=disabled ItrRx=enabled TID=disabled R0=disabled RC=disabled
00:00:04.721581 NAT: Guest address guess set to 10.0.2.15 by initialization
00:00:04.747248 NAT: DNS#0: 210.220.163.82
00:00:04.747260 NAT: DNS#1: 219.250.36.130
00:00:04.747733 AC97: Using codec 'AD1980'
00:00:04.788065 Audio: Found 4 devices for driver 'WasAPI'
00:00:04.788078 Audio: Device '원격 오디오':
00:00:04.788079 Audio:   ID              = {3.0.0.00000002}.{6C26BA7D-F0B2-4225-B422-8168C5261E45}
00:00:04.788079 Audio:   Usage           = output
00:00:04.788079 Audio:   Flags           = DEFAULT_OUT
00:00:04.788080 Audio:   Input channels  = 0
00:00:04.788080 Audio:   Output channels = 2
00:00:04.788084 Audio: Device '원격 오디오':
00:00:04.788084 Audio:   ID              = {3.0.0.00000002}.{6C26BA7D-F0B2-4225-B422-8168C5261E45}
00:00:04.788084 Audio:   Usage           = output
00:00:04.788084 Audio:   Flags           = NONE
00:00:04.788084 Audio:   Input channels  = 0
00:00:04.788085 Audio:   Output channels = 2
00:00:04.788087 Audio: Device '원격 오디오':
00:00:04.788087 Audio:   ID              = {3.0.1.00000002}.{A3ED9185-1E02-411C-B11B-05D92F25CEF4}
00:00:04.788087 Audio:   Usage           = input
00:00:04.788087 Audio:   Flags           = DEFAULT_IN
00:00:04.788088 Audio:   Input channels  = 2
00:00:04.788088 Audio:   Output channels = 0
00:00:04.788090 Audio: Device '원격 오디오':
00:00:04.788090 Audio:   ID              = {3.0.1.00000002}.{A3ED9185-1E02-411C-B11B-05D92F25CEF4}
00:00:04.788090 Audio:   Usage           = input
00:00:04.788090 Audio:   Flags           = NONE
00:00:04.788091 Audio:   Input channels  = 2
00:00:04.788091 Audio:   Output channels = 0
00:00:04.788250 AC97: Reset
00:00:04.788266 AC97: Mixer reset (EAID=0x809, EACS=0x9)
00:00:04.788269 AC97: Record select to left=mic, right=mic
00:00:04.788905 PGM: The CPU physical address width is 48 bits
00:00:04.788915 PGM: PGMR3InitFinalize: 4 MB PSE mask 0000ffffffffffff -> VINF_SUCCESS
00:00:04.788923 TM: TMR3InitFinalize: fTSCModeSwitchAllowed=false
00:00:04.798501 VMM: Thread-context hooks unavailable
00:00:04.798510 VMM: RTThreadPreemptIsPending() can be trusted
00:00:04.798514 VMM: Kernel preemption is possible
00:00:04.798558 EM: Exit history optimizations: enabled=true enabled-r0=true enabled-r0-no-preemption=false
00:00:04.798579 APIC: fPostedIntrsEnabled=false fVirtApicRegsEnabled=false fSupportsTscDeadline=false
00:00:04.798584 TMR3UtcNow: nsNow=1 747 830 121 445 692 000 nsPrev=0 -> cNsDelta=1 747 830 121 445 692 000 (offLag=0 offVirtualSync=0 offVirtualSyncGivenUp=0, NowAgain=1 747 830 121 445 692 000)
00:00:04.798601 VMM: fUsePeriodicPreemptionTimers=true
00:00:04.798612 CPUM: Logical host processors: 24 present, 24 max, 24 online, online mask: 0000000000ffffff
00:00:04.798613 CPUM: Physical host cores: 12
00:00:04.798614 ************************* CPUID dump ************************
00:00:04.798633          Raw Standard CPUID Leaves
00:00:04.798633      Leaf/sub-leaf  eax      ebx      ecx      edx
00:00:04.798634 Gst: 00000000/0000  0000000d 68747541 444d4163 69746e65
00:00:04.798635 Hst:                0000000d 68747541 444d4163 69746e65
00:00:04.798636 Gst: 00000001/0000  00a60f12 00020800 c2d82203 178bfbff
00:00:04.798636 Hst:                00a60f12 05180800 fed8320b 178bfbff
00:00:04.798637 Gst: 00000002/0000  00000000 00000000 00000000 00000000
00:00:04.798638 Hst:                00000000 00000000 00000000 00000000
00:00:04.798639 Gst: 00000003/0000  00000000 00000000 00000000 00000000
00:00:04.798639 Hst:                00000000 00000000 00000000 00000000
00:00:04.798640 Gst: 00000004/0000  00000000 00000000 00000000 00000000
00:00:04.798640 Hst:                00000000 00000000 00000000 00000000
00:00:04.798641 Gst: 00000005/0000  00000000 00000000 00000000 00000000
00:00:04.798642 Hst:                00000040 00000040 00000003 00000011
00:00:04.798643 Gst: 00000006/0000  00000000 00000000 00000000 00000000
00:00:04.798643 Hst:                00000000 00000000 00000001 00000000
00:00:04.798644 Gst: 00000007/0000  00000000 00840509 00000000 00000000
00:00:04.798644 Hst:                00000001 f1bf97a9 00405fc6 00000010
00:00:04.798645 Gst: 00000007/0001  00000000 00000000 00000000 00000000
00:00:04.798645 Hst:                00000020 00000000 00000000 00000000
00:00:04.798646 Gst: 00000007/0002  00000000 00000000 00000000 00000000
00:00:04.798647 Hst:                00000000 00000000 00000000 00000000
00:00:04.798647 Gst: 00000008/0000  00000000 00000000 00000000 00000000
00:00:04.798648 Hst:                00000000 00000000 00000000 00000000
00:00:04.798649 Gst: 00000009/0000  00000000 00000000 00000000 00000000
00:00:04.798649 Hst:                00000000 00000000 00000000 00000000
00:00:04.798650 Gst: 0000000a/0000  00000000 00000000 00000000 00000000
00:00:04.798650 Hst:                00000000 00000000 00000000 00000000
00:00:04.798651 Gst: 0000000b/0000  00000000 00000001 00000100 00000000
00:00:04.798651 Hst:                00000001 00000002 00000100 00000005
00:00:04.798652 Gst: 0000000b/0001  00000001 00000002 00000201 00000000
00:00:04.798652 Hst:                00000005 00000018 00000201 00000005
00:00:04.798653 Gst: 0000000b/0002  00000000 00000000 00000002 00000000
00:00:04.798653 Hst:                00000000 00000000 00000002 00000005
00:00:04.798654 Gst: 0000000c/0000  00000000 00000000 00000000 00000000
00:00:04.798655 Hst:                00000000 00000000 00000000 00000000
00:00:04.798656 Gst: 0000000d/0000  00000000 00000000 00000000 00000000
00:00:04.798656 Hst:                000000e7 00000980 00000980 00000000
00:00:04.798657 Gst: 0000000d/0001  00000000 00000000 00000000 00000000
00:00:04.798657 Hst:                0000000f 00000990 00001800 00000000
00:00:04.798658 Gst: 0000000d/0002  00000000 00000000 00000000 00000000
00:00:04.798659 Hst:                00000100 00000240 00000000 00000000
00:00:04.798659 Gst: 0000000d/0003  00000000 00000000 00000000 00000000
00:00:04.798660 Hst:                00000000 00000000 00000000 00000000
00:00:04.798661 Gst: 0000000d/0004  00000000 00000000 00000000 00000000
00:00:04.798661 Hst:                00000000 00000000 00000000 00000000
00:00:04.798662 Gst: 0000000d/0005  00000000 00000000 00000000 00000000
00:00:04.798662 Hst:                00000040 00000340 00000000 00000000
00:00:04.798663 Gst: 0000000d/0006  00000000 00000000 00000000 00000000
00:00:04.798663 Hst:                00000200 00000380 00000000 00000000
00:00:04.798664 Gst: 0000000d/0007  00000000 00000000 00000000 00000000
00:00:04.798664 Hst:                00000400 00000580 00000000 00000000
00:00:04.798665 Gst: 0000000d/0008  00000000 00000000 00000000 00000000
00:00:04.798665 Hst:                00000000 00000000 00000000 00000000
00:00:04.798666 Gst: 0000000d/0009  00000000 00000000 00000000 00000000
00:00:04.798667 Hst:                00000000 00000000 00000000 00000000
00:00:04.798668 Gst: 0000000d/000a  00000000 00000000 00000000 00000000
00:00:04.798668 Hst:                00000000 00000000 00000000 00000000
00:00:04.798669 Gst: 0000000d/000b  00000000 00000000 00000000 00000000
00:00:04.798669 Hst:                00000010 00000000 00000001 00000000
00:00:04.798670 Gst: 0000000d/000c  00000000 00000000 00000000 00000000
00:00:04.798670 Hst:                00000018 00000000 00000001 00000000
00:00:04.798671 Gst: 0000000d/000d  00000000 00000000 00000000 00000000
00:00:04.798671 Hst:                00000000 00000000 00000000 00000000
00:00:04.798732                                Name: AuthenticAMD
00:00:04.798733                            Supports: 0x00000000-0x0000000d
00:00:04.798745                              Family: 15 	Extended: 10 	Effective: 25
00:00:04.798746                               Model:  1 	Extended: 6 	Effective: 97
00:00:04.798746                            Stepping: 2
00:00:04.798747                                Type: 0 (primary)
00:00:04.798747                             APIC ID: 0x00
00:00:04.798748                        Logical CPUs: 2
00:00:04.798748                        CLFLUSH Size: 8
00:00:04.798749                            Brand ID: 0x00
00:00:04.798750 Features
00:00:04.798756   Mnemonic - Description                                  = guest (host)
00:00:04.798756   FPU - x87 FPU on Chip                                   = 1 (1)
00:00:04.798757   VME - Virtual 8086 Mode Enhancements                    = 1 (1)
00:00:04.798758   DE - Debugging extensions                               = 1 (1)
00:00:04.798758   PSE - Page Size Extension                               = 1 (1)
00:00:04.798759   TSC - Time Stamp Counter                                = 1 (1)
00:00:04.798760   MSR - Model Specific Registers                          = 1 (1)
00:00:04.798760   PAE - Physical Address Extension                        = 1 (1)
00:00:04.798761   MCE - Machine Check Exception                           = 1 (1)
00:00:04.798761   CX8 - CMPXCHG8B instruction                             = 1 (1)
00:00:04.798762   APIC - APIC On-Chip                                     = 1 (1)
00:00:04.798762   SEP - SYSENTER and SYSEXIT Present                      = 1 (1)
00:00:04.798763   MTRR - Memory Type Range Registers                      = 1 (1)
00:00:04.798763   PGE - PTE Global Bit                                    = 1 (1)
00:00:04.798764   MCA - Machine Check Architecture                        = 1 (1)
00:00:04.798765   CMOV - Conditional Move instructions                    = 1 (1)
00:00:04.798765   PAT - Page Attribute Table                              = 1 (1)
00:00:04.798766   PSE-36 - 36-bit Page Size Extension                     = 1 (1)
00:00:04.798766   PSN - Processor Serial Number                           = 0 (0)
00:00:04.798767   CLFSH - CLFLUSH instruction                             = 1 (1)
00:00:04.798767   DS - Debug Store                                        = 0 (0)
00:00:04.798768   ACPI - Thermal Mon. & Soft. Clock Ctrl.                 = 0 (0)
00:00:04.798768   MMX - Intel MMX Technology                              = 1 (1)
00:00:04.798769   FXSR - FXSAVE and FXRSTOR instructions                  = 1 (1)
00:00:04.798769   SSE - SSE support                                       = 1 (1)
00:00:04.798770   SSE2 - SSE2 support                                     = 1 (1)
00:00:04.798771   SS - Self Snoop                                         = 0 (0)
00:00:04.798771   HTT - Hyper-Threading Technology                        = 1 (1)
00:00:04.798772   TM - Therm. Monitor                                     = 0 (0)
00:00:04.798773   PBE - Pending Break Enabled                             = 0 (0)
00:00:04.798773   SSE3 - SSE3 support                                     = 1 (1)
00:00:04.798774   PCLMUL - PCLMULQDQ support (for AES-GCM)                = 1 (1)
00:00:04.798774   DTES64 - DS Area 64-bit Layout                          = 0 (0)
00:00:04.798775   MONITOR - MONITOR/MWAIT instructions                    = 0 (1)
00:00:04.798776   CPL-DS - CPL Qualified Debug Store                      = 0 (0)
00:00:04.798776   VMX - Virtual Machine Extensions                        = 0 (0)
00:00:04.798777   SMX - Safer Mode Extensions                             = 0 (0)
00:00:04.798783   EST - Enhanced SpeedStep Technology                     = 0 (0)
00:00:04.798783   TM2 - Terminal Monitor 2                                = 0 (0)
00:00:04.798784   SSSE3 - Supplemental Streaming SIMD Extensions 3        = 1 (1)
00:00:04.798784   CNTX-ID - L1 Context ID                                 = 0 (0)
00:00:04.798785   SDBG - Silicon Debug interface                          = 0 (0)
00:00:04.798785   FMA - Fused Multiply Add extensions                     = 0 (1)
00:00:04.798786   CX16 - CMPXCHG16B instruction                           = 1 (1)
00:00:04.798786   TPRUPDATE - xTPR Update Control                         = 0 (0)
00:00:04.798787   PDCM - Perf/Debug Capability MSR                        = 0 (0)
00:00:04.798787   PCID - Process Context Identifiers                      = 0 (0)
00:00:04.798788   DCA - Direct Cache Access                               = 0 (0)
00:00:04.798789   SSE4_1 - SSE4_1 support                                 = 1 (1)
00:00:04.798789   SSE4_2 - SSE4_2 support                                 = 1 (1)
00:00:04.798790   X2APIC - x2APIC support                                 = 0 (0)
00:00:04.798790   MOVBE - MOVBE instruction                               = 1 (1)
00:00:04.798791   POPCNT - POPCNT instruction                             = 1 (1)
00:00:04.798791   TSCDEADL - Time Stamp Counter Deadline                  = 0 (0)
00:00:04.798792   AES - AES instructions                                  = 1 (1)
00:00:04.798793   XSAVE - XSAVE instruction                               = 0 (1)
00:00:04.798793   OSXSAVE - OSXSAVE instruction                           = 0 (1)
00:00:04.798794   AVX - AVX support                                       = 0 (1)
00:00:04.798794   F16C - 16-bit floating point conversion instructions    = 0 (1)
00:00:04.798795   RDRAND - RDRAND instruction                             = 1 (1)
00:00:04.798795   HVP - Hypervisor Present (we're a guest)                = 1 (1)
00:00:04.798796 Structured Extended Feature Flags Enumeration (leaf 7):
00:00:04.798797   Mnemonic - Description                                  = guest (host)
00:00:04.798797   FSGSBASE - RDFSBASE/RDGSBASE/WRFSBASE/WRGSBASE instr.   = 1 (1)
00:00:04.798797   TSCADJUST - Supports MSR_IA32_TSC_ADJUST                = 0 (0)
00:00:04.798798   SGX - Supports Software Guard Extensions                = 0 (0)
00:00:04.798798   BMI1 - Advanced Bit Manipulation extension 1            = 1 (1)
00:00:04.798799   HLE - Hardware Lock Elision                             = 0 (0)
00:00:04.798799   AVX2 - Advanced Vector Extensions 2                     = 0 (1)
00:00:04.798800   FDP_EXCPTN_ONLY - FPU DP only updated on exceptions     = 0 (0)
00:00:04.798800   SMEP - Supervisor Mode Execution Prevention             = 0 (1)
00:00:04.798800   BMI2 - Advanced Bit Manipulation extension 2            = 1 (1)
00:00:04.798801   ERMS - Enhanced REP MOVSB/STOSB instructions            = 0 (1)
00:00:04.798801   INVPCID - INVPCID instruction                           = 1 (1)
00:00:04.798802   RTM - Restricted Transactional Memory                   = 0 (0)
00:00:04.798802   PQM - Platform Quality of Service Monitoring            = 0 (1)
00:00:04.798803   DEPFPU_CS_DS - Deprecates FPU CS, FPU DS values if set  = 0 (0)
00:00:04.798803   MPE - Intel Memory Protection Extensions                = 0 (0)
00:00:04.798804   PQE - Platform Quality of Service Enforcement           = 0 (1)
00:00:04.798804   AVX512F - AVX512 Foundation instructions                = 0 (1)
00:00:04.798804   17 - Reserved                                           = 0 (1)
00:00:04.798805   RDSEED - RDSEED instruction                             = 1 (1)
00:00:04.798806   ADX - ADCX/ADOX instructions                            = 0 (1)
00:00:04.798806   SMAP - Supervisor Mode Access Prevention                = 0 (1)
00:00:04.798807   21 - Reserved                                           = 0 (1)
00:00:04.798807   CLFLUSHOPT - CLFLUSHOPT (Cache Line Flush) instruction  = 1 (1)
00:00:04.798808   CLWB - CLWB instruction                                 = 0 (1)
00:00:04.798808   INTEL_PT - Intel Processor Trace                        = 0 (0)
00:00:04.798809   AVX512PF - AVX512 Prefetch instructions                 = 0 (0)
00:00:04.798809   AVX512ER - AVX512 Exponential & Reciprocal instructions = 0 (0)
00:00:04.798810   AVX512CD - AVX512 Conflict Detection instructions       = 0 (1)
00:00:04.798810   SHA - Secure Hash Algorithm extensions                  = 0 (1)
00:00:04.798811   30 - Reserved                                           = 0 (1)
00:00:04.798811   31 - Reserved                                           = 0 (1)
00:00:04.798812   PREFETCHWT1 - PREFETCHWT1 instruction                   = 0 (0)
00:00:04.798812    1 - Reserved                                           = 0 (1)
00:00:04.798813   UMIP - User mode insturction prevention                 = 0 (1)
00:00:04.798814   PKU - Protection Key for Usermode pages                 = 0 (0)
00:00:04.798814   OSPKE - CR4.PKU mirror                                  = 0 (0)
00:00:04.798815    6 - Reserved                                           = 0 (1)
00:00:04.798815    7 - Reserved                                           = 0 (1)
00:00:04.798816    8 - Reserved                                           = 0 (1)
00:00:04.798817    9 - Reserved                                           = 0 (1)
00:00:04.798817   10 - Reserved                                           = 0 (1)
00:00:04.798818   11 - Reserved                                           = 0 (1)
00:00:04.798818   12 - Reserved                                           = 0 (1)
00:00:04.798819   14 - Reserved                                           = 0 (1)
00:00:04.798820   MAWAU - Value used by BNDLDX & BNDSTX                   = 0x0 (0x0)
00:00:04.798820   RDPID - Read processor ID support                       = 0 (1)
00:00:04.798821   SGX_LC - Supports SGX Launch Configuration              = 0 (0)
00:00:04.798821    4 - Reserved                                           = 0 (1)
00:00:04.798822   MD_CLEAR - Supports MDS related buffer clearing         = 0 (0)
00:00:04.798823   IBRS_IBPB - IA32_SPEC_CTRL.IBRS and IA32_PRED_CMD.IBPB  = 0 (0)
00:00:04.798823   STIBP - Supports IA32_SPEC_CTRL.STIBP                   = 0 (0)
00:00:04.798824   FLUSH_CMD - Supports IA32_FLUSH_CMD                     = 0 (0)
00:00:04.798824   ARCHCAP - Supports IA32_ARCH_CAP                        = 0 (0)
00:00:04.798824   CORECAP - Supports IA32_CORE_CAP                        = 0 (0)
00:00:04.798825   SSBD - Supports IA32_SPEC_CTRL.SSBD                     = 0 (0)
00:00:04.798827 Processor Extended State Enumeration (leaf 0xd):
00:00:04.798828    XSAVE area cur/max size by XCR0, guest: 0x0/0x0
00:00:04.798828     XSAVE area cur/max size by XCR0, host: 0x980/0x980
00:00:04.798829                    Valid XCR0 bits, guest: 0x00000000`00000000
00:00:04.798829                     Valid XCR0 bits, host: 0x00000000`000000e7 ( x87 SSE YMM_Hi128 Opmask ZMM_Hi256 Hi16_ZMM )
00:00:04.798837                     XSAVE features, guest:
00:00:04.798837                      XSAVE features, host: XSAVEOPT XSAVEC XGETBC1 XSAVES
00:00:04.798838       XSAVE area cur size XCR0|XSS, guest: 0x0
00:00:04.798838        XSAVE area cur size XCR0|XSS, host: 0x990
00:00:04.798838                Valid IA32_XSS bits, guest: 0x00000000`00000000
00:00:04.798839                 Valid IA32_XSS bits, host: 0x00001800`00000000 ( 43 44 )
00:00:04.798840   State #2, host:  off=0x0240, cb=0x0100 IA32_XSS-bit -- YMM_Hi128
00:00:04.798843   State #5, host:  off=0x0340, cb=0x0040 IA32_XSS-bit -- Opmask
00:00:04.798844   State #6, host:  off=0x0380, cb=0x0200 IA32_XSS-bit -- ZMM_Hi256
00:00:04.798845   State #7, host:  off=0x0580, cb=0x0400 IA32_XSS-bit -- Hi16_ZMM
00:00:04.798848   State #11, host:  off=0x0000, cb=0x0010 XCR0-bit -- 11
00:00:04.798849   State #12, host:  off=0x0000, cb=0x0018 XCR0-bit -- 12
00:00:04.798878          Raw Hypervisor CPUID Leaves
00:00:04.798878      Leaf/sub-leaf  eax      ebx      ecx      edx
00:00:04.798879 Gst: 40000000/0000  40000001 4b4d564b 564b4d56 0000004d
00:00:04.798880 Hst:                4000000c 7263694d 666f736f 76482074
00:00:04.798880 Gst: 40000001/0000  01000089 00000000 00000000 00000000
00:00:04.798881 Hst:                31237648 00000000 00000000 00000000
00:00:04.798882          Raw Extended CPUID Leaves
00:00:04.798882      Leaf/sub-leaf  eax      ebx      ecx      edx
00:00:04.798883 Gst: 80000000/0000  8000001e 68747541 444d4163 69746e65
00:00:04.798883 Hst:                80000027 68747541 444d4163 69746e65
00:00:04.798884 Gst: 80000001/0000  00a60f12 00000000 000001f3 2bd3fb7f
00:00:04.798885 Hst:                00a60f12 00000000 20c023f3 2fd3fbff
00:00:04.798885 Gst: 80000002/0000  20444d41 657a7952 2039206e 30303937
00:00:04.798886 Hst:                20444d41 657a7952 2039206e 30303937
00:00:04.798887 Gst: 80000003/0000  2d323120 65726f43 6f725020 73736563
00:00:04.798887 Hst:                2d323120 65726f43 6f725020 73736563
00:00:04.798888 Gst: 80000004/0000  2020726f 20202020 20202020 00202020
00:00:04.798888 Hst:                2020726f 20202020 20202020 00202020
00:00:04.798889 Gst: 80000005/0000  ff48ff40 ff48ff40 20080140 20080140
00:00:04.798890 Hst:                ff48ff40 ff48ff40 20080140 20080140
00:00:04.798890 Gst: 80000006/0000  5c002200 6c004200 04006140 02009140
00:00:04.798891 Hst:                5c002200 6c004200 04006140 02009140
00:00:04.798892 Gst: 80000007/0000  00000000 00000000 00000000 00000100
00:00:04.798892 Hst:                00000000 0000001b 00000000 00006789
00:00:04.798893 Gst: 80000008/0000  00003030 04000000 00000001 00000000
00:00:04.798893 Hst:                00003030 7912d215 00005017 00010000
00:00:04.798894 Gst: 80000009/0000  00000000 00000000 00000000 00000000
00:00:04.798895 Hst:                00000000 00000000 00000000 00000000
00:00:04.798895 Gst: 8000000a/0000  00000000 00000000 00000000 00000000
00:00:04.798896 Hst:                00000000 00000000 00000000 00000000
00:00:04.798897 Gst: 8000000b/0000  00000000 00000000 00000000 00000000
00:00:04.798897 Hst:                00000000 00000000 00000000 00000000
00:00:04.798898 Gst: 8000000c/0000  00000000 00000000 00000000 00000000
00:00:04.798898 Hst:                00000000 00000000 00000000 00000000
00:00:04.798899 Gst: 8000000d/0000  00000000 00000000 00000000 00000000
00:00:04.798899 Hst:                00000000 00000000 00000000 00000000
00:00:04.798900 Gst: 8000000e/0000  00000000 00000000 00000000 00000000
00:00:04.798900 Hst:                00000000 00000000 00000000 00000000
00:00:04.798901 Gst: 8000000f/0000  00000000 00000000 00000000 00000000
00:00:04.798901 Hst:                00000000 00000000 00000000 00000000
00:00:04.798902 Gst: 80000010/0000  00000000 00000000 00000000 00000000
00:00:04.798903 Hst:                00000000 00000000 00000000 00000000
00:00:04.798903 Gst: 80000011/0000  00000000 00000000 00000000 00000000
00:00:04.798904 Hst:                00000000 00000000 00000000 00000000
00:00:04.798905 Gst: 80000012/0000  00000000 00000000 00000000 00000000
00:00:04.798905 Hst:                00000000 00000000 00000000 00000000
00:00:04.798906 Gst: 80000013/0000  00000000 00000000 00000000 00000000
00:00:04.798906 Hst:                00000000 00000000 00000000 00000000
00:00:04.798907 Gst: 80000014/0000  00000000 00000000 00000000 00000000
00:00:04.798907 Hst:                00000000 00000000 00000000 00000000
00:00:04.798908 Gst: 80000015/0000  00000000 00000000 00000000 00000000
00:00:04.798908 Hst:                00000000 00000000 00000000 00000000
00:00:04.798909 Gst: 80000016/0000  00000000 00000000 00000000 00000000
00:00:04.798910 Hst:                00000000 00000000 00000000 00000000
00:00:04.798910 Gst: 80000017/0000  00000000 00000000 00000000 00000000
00:00:04.798911 Hst:                00000000 00000000 00000000 00000000
00:00:04.798912 Gst: 80000018/0000  00000000 00000000 00000000 00000000
00:00:04.798912 Hst:                00000000 00000000 00000000 00000000
00:00:04.798913 Gst: 80000019/0000  00000000 00000000 00000000 00000000
00:00:04.798913 Hst:                00000000 00000000 00000000 00000000
00:00:04.798914 Gst: 8000001a/0000  00000002 00000000 00000000 00000000
00:00:04.798914 Hst:                00000006 00000000 00000000 00000000
00:00:04.798915 Gst: 8000001b/0000  00000000 00000000 00000000 00000000
00:00:04.798915 Hst:                00000000 00000000 00000000 00000000
00:00:04.798916 Gst: 8000001c/0000  00000000 00000000 00000000 00000000
00:00:04.798917 Hst:                00000000 00000000 00000000 00000000
00:00:04.798918 Gst: 8000001d/0000  00004121 01c0003f 0000003f 00000000
00:00:04.798918 Hst:                00004121 01c0003f 0000003f 00000000
00:00:04.798919 Gst: 8000001d/0001  00004122 01c0003f 0000003f 00000000
00:00:04.798919 Hst:                00004122 01c0003f 0000003f 00000000
00:00:04.798920 Gst: 8000001d/0002  00004143 01c0003f 000007ff 00000002
00:00:04.798921 Hst:                00004143 01c0003f 000007ff 00000002
00:00:04.798922 Gst: 8000001d/0003  00004163 03c0003f 00007fff 00000001
00:00:04.798922 Hst:                0002c163 03c0003f 00007fff 00000001
00:00:04.798923 Gst: 8000001d/0004  00000000 00000000 00000000 00000000
00:00:04.798923 Hst:                00000000 00000000 00000000 00000000
00:00:04.798925 Gst: 8000001e/0000  00000000 00000100 00000000 00000000
00:00:04.798925 Hst:                00000005 00000102 00000000 00000000
00:00:04.798926 Hst: 8000001f/0000  00000001 000000b3 00000000 00000000
00:00:04.798927 Hst: 80000020/0000  00000000 00000000 00000000 00000000
00:00:04.798928 Hst: 80000021/0000  00000001 00000000 00000000 00000000
00:00:04.798929 Hst: 80000022/0000  00000002 00000100 00000000 00000000
00:00:04.798929 Hst: 80000023/0000  00000000 00000000 00000000 00000000
00:00:04.798930 Hst: 80000024/0000  00000000 00000000 00000000 00000000
00:00:04.798931 Hst: 80000025/0000  00000000 00000000 00000000 00000000
00:00:04.798932 Hst: 80000026/0000  00000001 00000002 00000100 00000005
00:00:04.798933 Hst: 80000027/0000  00000000 00000000 00000000 00000000
00:00:04.798933 Ext Name:                        AuthenticAMD
00:00:04.798934 Ext Supports:                    0x80000000-0x8000001e
00:00:04.798934 Family:                          15  	Extended: 10 	Effective: 25
00:00:04.798935 Model:                           1  	Extended: 6 	Effective: 97
00:00:04.798935 Stepping:                        2
00:00:04.798935 Brand ID:                        0x000
00:00:04.798936 Ext Features
00:00:04.798936   Mnemonic - Description                                  = guest (host)
00:00:04.798936   FPU - x87 FPU on Chip                                   = 1 (1)
00:00:04.798937   VME - Virtual 8086 Mode Enhancements                    = 1 (1)
00:00:04.798938   DE - Debugging extensions                               = 1 (1)
00:00:04.798938   PSE - Page Size Extension                               = 1 (1)
00:00:04.798939   TSC - Time Stamp Counter                                = 1 (1)
00:00:04.798939   MSR - K86 Model Specific Registers                      = 1 (1)
00:00:04.798940   PAE - Physical Address Extension                        = 1 (1)
00:00:04.798940   MCE - Machine Check Exception                           = 0 (1)
00:00:04.798941   CX8 - CMPXCHG8B instruction                             = 1 (1)
00:00:04.798941   APIC - APIC On-Chip                                     = 1 (1)
00:00:04.798942   SEP - SYSCALL/SYSRET                                    = 1 (1)
00:00:04.798943   MTRR - Memory Type Range Registers                      = 1 (1)
00:00:04.798943   PGE - PTE Global Bit                                    = 1 (1)
00:00:04.798944   MCA - Machine Check Architecture                        = 1 (1)
00:00:04.798944   CMOV - Conditional Move instructions                    = 1 (1)
00:00:04.798945   PAT - Page Attribute Table                              = 1 (1)
00:00:04.798945   PSE-36 - 36-bit Page Size Extension                     = 1 (1)
00:00:04.798946   NX - No-Execute/Execute-Disable                         = 1 (1)
00:00:04.798946   AXMMX - AMD Extensions to MMX instructions              = 1 (1)
00:00:04.798947   MMX - Intel MMX Technology                              = 1 (1)
00:00:04.798947   FXSR - FXSAVE and FXRSTOR Instructions                  = 1 (1)
00:00:04.798948   FFXSR - AMD fast FXSAVE and FXRSTOR instructions        = 1 (1)
00:00:04.798948   Page1GB - 1 GB large page                               = 0 (1)
00:00:04.798949   RDTSCP - RDTSCP instruction                             = 1 (1)
00:00:04.798949   LM - AMD64 Long Mode                                    = 1 (1)
00:00:04.798950   3DNOWEXT - AMD Extensions to 3DNow                      = 0 (0)
00:00:04.798950   3DNOW - AMD 3DNow                                       = 0 (0)
00:00:04.798951   LahfSahf - LAHF/SAHF support in 64-bit mode             = 1 (1)
00:00:04.798952   CmpLegacy - Core multi-processing legacy mode           = 1 (1)
00:00:04.798952   SVM - AMD Secure Virtual Machine extensions             = 0 (0)
00:00:04.798952   EXTAPIC - AMD Extended APIC registers                   = 0 (0)
00:00:04.798953   CR8L - AMD LOCK MOV CR0 means MOV CR8                   = 1 (1)
00:00:04.798953   ABM - AMD Advanced Bit Manipulation                     = 1 (1)
00:00:04.798954   SSE4A - SSE4A instructions                              = 1 (1)
00:00:04.798954   MISALIGNSSE - AMD Misaligned SSE mode                   = 1 (1)
00:00:04.798955   3DNOWPRF - AMD PREFETCH and PREFETCHW instructions      = 1 (1)
00:00:04.798955   OSVW - AMD OS Visible Workaround                        = 0 (1)
00:00:04.798956   IBS - Instruct Based Sampling                           = 0 (0)
00:00:04.798956   XOP - Extended Operation support                        = 0 (0)
00:00:04.798957   SKINIT - SKINIT, STGI, and DEV support                  = 0 (0)
00:00:04.798957   WDT - AMD Watchdog Timer support                        = 0 (1)
00:00:04.798958   LWP - Lightweight Profiling support                     = 0 (0)
00:00:04.798958   FMA4 - Four operand FMA instruction support             = 0 (0)
00:00:04.798959   TCE - Translation Cache Extension support               = 0 (0)
00:00:04.798959   NodeId - NodeId in MSR C001_100C                        = 0 (0)
00:00:04.798960   TBM - Trailing Bit Manipulation instructions            = 0 (0)
00:00:04.798960   TOPOEXT - Topology Extensions                           = 0 (1)
00:00:04.798961   PRFEXTCORE - Performance Counter Extensions support     = 0 (1)
00:00:04.798961   PRFEXTNB - NB Performance Counter Extensions support    = 0 (0)
00:00:04.798961   DATABPEXT - Data-access Breakpoint Extension            = 0 (0)
00:00:04.798962   PERFTSC - Performance Time Stamp Counter                = 0 (0)
00:00:04.798962   PCX_L2I - L2I/L3 Performance Counter Extensions         = 0 (0)
00:00:04.798963   MONITORX - MWAITX and MONITORX instructions             = 0 (1)
00:00:04.798969   AddrMaskExt - BP Addressing masking extended to bit 31  = 0 (0)
00:00:04.798969 Full Name:                       "AMD Ryzen 9 7900 12-Core Processor             "
00:00:04.798974 TLB 2/4M Instr/Uni:              fully  64 entries
00:00:04.798975 TLB 2/4M Data:                   fully  72 entries
00:00:04.798975 TLB 4K Instr/Uni:                fully  64 entries
00:00:04.798975 TLB 4K Data:                     fully  72 entries
00:00:04.798976 L1 Instr Cache Line Size:        64 bytes
00:00:04.798976 L1 Instr Cache Lines Per Tag:    1
00:00:04.798976 L1 Instr Cache Associativity:    8 way
00:00:04.798976 L1 Instr Cache Size:             32 KB
00:00:04.798977 L1 Data Cache Line Size:         64 bytes
00:00:04.798977 L1 Data Cache Lines Per Tag:     1
00:00:04.798977 L1 Data Cache Associativity:     8 way
00:00:04.798977 L1 Data Cache Size:              32 KB
00:00:04.798977 L2 TLB 2/4M Instr/Uni:           2 way   512 entries
00:00:04.798978 L2 TLB 2/4M Data:                res5   3072 entries
00:00:04.798978 L2 TLB 4K Instr/Uni:             4 way   512 entries
00:00:04.798978 L2 TLB 4K Data:                  8 way  3072 entries
00:00:04.798978 L2 Cache Line Size:              64 bytes
00:00:04.798979 L2 Cache Lines Per Tag:          1
00:00:04.798979 L2 Cache Associativity:          res9  
00:00:04.798979 L2 Cache Size:                   512 KB
00:00:04.798980   TS - Temperature Sensor                                 = 0 (1)
00:00:04.798981   FID - Frequency ID control                              = 0 (0)
00:00:04.798981   VID - Voltage ID control                                = 0 (0)
00:00:04.798982   TTP - Thermal Trip                                      = 0 (1)
00:00:04.798982   TM - Hardware Thermal Control (HTC)                     = 0 (0)
00:00:04.798983   100MHzSteps - 100 MHz Multiplier control                = 0 (0)
00:00:04.798983   HwPstate - Hardware P-state control                     = 0 (1)
00:00:04.798984   TscInvariant - Invariant Time Stamp Counter             = 1 (1)
00:00:04.798984   CPB - Core Performance Boost                            = 0 (1)
00:00:04.798985   EffFreqRO - Read-only Effective Frequency Interface     = 0 (1)
00:00:04.798985   ProcFdbkIf - Processor Feedback Interface               = 0 (0)
00:00:04.798986   ProcPwrRep - Core power reporting interface support     = 0 (0)
00:00:04.798986   ConnectedStandby - Connected Standby                    = 0 (1)
00:00:04.798987   RAPL - Running average power limit                      = 0 (1)
00:00:04.798988   CLZERO - Clear zero instruction (cacheline)             = 0 (1)
00:00:04.798988   IRPerf - Instructions retired count support             = 0 (0)
00:00:04.798989   XSaveErPtr - Save/restore error pointers (FXSAVE/RSTOR*) = 0 (1)
00:00:04.798989   INVLPGB - INVLPGB and TLBSYNC instructions              = 0 (0)
00:00:04.798990   RDPRU - RDPRU instruction                               = 0 (1)
00:00:04.798990   BE - Bandwidth Enforcement extension                    = 0 (0)
00:00:04.798991   MCOMMIT - MCOMMIT instruction                           = 0 (0)
00:00:04.798991   WBNOINVD - WBNOINVD instruction                         = 0 (1)
00:00:04.798992   IBPB - Supports the IBPB command in IA32_PRED_CMD       = 0 (1)
00:00:04.798992   INT_WBINVD - WBINVD/WBNOINVD interruptible              = 0 (0)
00:00:04.798993   IBRS - Indirect Branch Restricted Speculation           = 0 (1)
00:00:04.798993   STIBP - Single Thread Indirect Branch Prediction        = 0 (1)
00:00:04.798993   IbrsAlwaysOn - Processor prefers that IBRS be left on   = 0 (0)
00:00:04.798994   StibpAlwaysOn - Processor prefers that STIBP be left on = 0 (1)
00:00:04.798994   IbrsPreferred - IBRS preferred over software solution   = 0 (0)
00:00:04.798994   IbrsSameMode - IBRS limits same mode speculation        = 0 (0)
00:00:04.798995   EferLmsleUnsupported - EFER.LMSLE is unsupported        = 0 (1)
00:00:04.798995   INVLPGBnestedPages - INVLPGB for nested translation     = 0 (0)
00:00:04.798996   SSBD - Speculative Store Bypass Disable                 = 0 (1)
00:00:04.798996   SsbdVirtSpecCtrl - Use VIRT_SPEC_CTL for SSBD           = 0 (0)
00:00:04.798997   SsbdNotRequired - SSBD not needed on this processor     = 1 (0)
00:00:04.798997   CPPC - Collaborative Processor Performance Control      = 0 (1)
00:00:04.798997   PSFD - Predictive Store Forward Disable                 = 0 (1)
00:00:04.798998   BTC_NO - Unaffected by branch type confusion            = 0 (1)
00:00:04.798998   IBPB_RET - Clears RA predictor when PRED_CMD.IBPB set   = 0 (1)
00:00:04.798999 Physical Address Width:          48 bits
00:00:04.798999 Virtual Address Width:           48 bits
00:00:04.798999 Guest Physical Address Width:    0 bits
00:00:04.798999 Physical Core Count:             2
00:00:04.799000 
00:00:04.799000 ******************** End of CPUID dump **********************
00:00:04.799073 VMEmt: Halt method global1 (5)
00:00:04.799148 VMEmt: HaltedGlobal1 config: cNsSpinBlockThresholdCfg=50000
00:00:04.799179 Changing the VM state from 'CREATING' to 'CREATED'
00:00:04.800501 Changing the VM state from 'CREATED' to 'POWERING_ON'
00:00:04.800601 AIOMgr: Endpoints without assigned bandwidth groups:
00:00:04.800610 AIOMgr:     C:\SBU\CloudClub_bootC\IaC\bootc-webserver.vdi
00:00:04.800720 Changing the VM state from 'POWERING_ON' to 'RUNNING'
00:00:04.800726 Console: Machine state changed to 'Running'
00:00:04.805442 EFI: debug point SEC_PREMEM
00:00:04.809030 GUI: UIMachineViewNormal::resendSizeHint: Restoring guest size-hint for screen 0 to 800x600
00:00:04.809444 GUI: HID LEDs sync is enabled
00:00:04.818875 GUI: UIMachineLogicNormal::sltCheckForRequestedVisualStateType: Requested-state=1, Machine-state=6
00:00:04.890170 ERROR [COM]: aRC=VBOX_E_VM_ERROR (0x80bb0003) aIID={4680b2de-8690-11e9-b83d-5719e53cf1de} aComponent={DisplayWrap} aText={Could not take a screenshot (VERR_NOT_SUPPORTED)}, preserve=false aResultDetail=-37
00:00:04.912504 ERROR [COM]: aRC=VBOX_E_VM_ERROR (0x80bb0003) aIID={4680b2de-8690-11e9-b83d-5719e53cf1de} aComponent={DisplayWrap} aText={Could not take a screenshot (VERR_NOT_SUPPORTED)}, preserve=false aResultDetail=-37
00:00:04.996768 EFI: VBoxDbg> loadimage64 'SecMain.efi' 0xfffcc094 LB 0x0
00:00:04.999250 EFI: VBoxDbg> loadimage64 'PeiCore.efi' 0x2020120 LB 0x0
00:00:05.001873 EFI: VBoxDbg> loadimage64 'PcdPeim.efi' 0x2026fe0 LB 0x2580
00:00:05.004038 EFI: VBoxDbg> loadimage64 'ReportStatusCodeRouterPei.efi' 0x2029620 LB 0xa00
00:00:05.004415 EFI: VBoxDbg> loadimage64 'StatusCodeHandlerPei.efi' 0x202a0a0 LB 0x700
00:00:05.004736 EFI: VBoxDbg> loadimage64 'PlatformPei.efi' 0x202a8a0 LB 0x5480
00:00:05.071479 EFI: debug point SEC_POSTMEM
00:00:05.072314 EFI: VBoxDbg> loadimage64 'PeiCore.efi' 0xdf364000 LB 0x6cc0
00:00:05.074964 EFI: VBoxDbg> loadimage64 'DxeIpl.efi' 0xdf361000 LB 0x2160
00:00:05.077176 EFI: VBoxDbg> loadimage64 'S3Resume2Pei.efi' 0xdf35f000 LB 0x1680
00:00:05.077970 EFI: VBoxDbg> loadimage64 'CpuMpPei.efi' 0xdf354000 LB 0xa8c0
00:00:05.119914 EFI: VBoxDbg> loadimage64 'TpmMmioSevDecryptPei.efi' 0xdf342000 LB 0xf00
00:00:05.120356 EFI: VBoxDbg> loadimage64 'Tcg2ConfigPei.efi' 0xdf340000 LB 0x1220
00:00:05.121006 EFI: VBoxDbg> loadimage64 'TcgPei.efi' 0xdf33d000 LB 0x26c0
00:00:05.121722 EFI: VBoxDbg> loadimage64 'Tcg2Pei.efi' 0xdf334000 LB 0x8520
00:00:05.122848 EFI: VBoxDbg> loadimage64 'DxeCore.efi' 0xdf318000 LB 0x1b100
00:00:05.125204 EFI: debug point DXE_CORE
00:00:05.128101 EFI: VBoxDbg> loadimage64 'DxeCore.efi' 0xdf318000 LB 0x0
00:00:05.149899 EFI: VBoxDbg> loadimage64 'DevicePathDxe.efi' 0xde91f000 LB 0x9e00
00:00:05.150266 EFI: VBoxDbg> loadimage64 'PcdDxe.efi' 0xde92c000 LB 0x2f00
00:00:05.150695 EFI: VBoxDbg> loadimage64 'FvbServicesRuntimeDxe.efi' 0xdeeec000 LB 0x2100
00:00:05.154210 EFI: VBoxDbg> loadimage64 'ReportStatusCodeRouterRuntimeDxe.efi' 0xdeeea000 LB 0x1060
00:00:05.155167 EFI: VBoxDbg> loadimage64 'RuntimeDxe.efi' 0xdeee8000 LB 0x13c0
00:00:05.160581 EFI: VBoxDbg> loadimage64 'SecurityStubDxe.efi' 0xde815000 LB 0x84140
00:00:05.160997 EFI: VBoxDbg> loadimage64 'EbcDxe.efi' 0xde915000 LB 0x4100
00:00:05.161499 EFI: VBoxDbg> loadimage64 'Legacy8259.efi' 0xde91c000 LB 0xb00
00:00:05.162545 EFI: VBoxDbg> loadimage64 'CpuIo2Dxe.efi' 0xde91a000 LB 0xb00
00:00:05.162878 EFI: VBoxDbg> loadimage64 'CpuDxe.efi' 0xde8f9000 LB 0xdd20
00:00:05.177065 EFI: debug point DXE_AP
00:00:05.179218 EFI: VBoxDbg> loadimage64 'IncompatiblePciDeviceSupportDxe.efi' 0xde908000 LB 0x840
00:00:05.179566 EFI: VBoxDbg> loadimage64 'PciHotPlugInitDxe.efi' 0xde8e1000 LB 0x2120
00:00:05.180002 EFI: VBoxDbg> loadimage64 'ResetSystemRuntimeDxe.efi' 0xdeee6000 LB 0x1040
00:00:05.180485 EFI: VBoxDbg> loadimage64 'Metronome.efi' 0xde8e5000 LB 0x820
00:00:05.180895 EFI: VBoxDbg> loadimage64 'PrintDxe.efi' 0xde8dd000 LB 0x1f80
00:00:05.181259 EFI: VBoxDbg> loadimage64 'HiiDatabase.efi' 0xde8a7000 LB 0x1a3a0
00:00:05.181632 EFI: VBoxDbg> loadimage64 'NullMemoryTestDxe.efi' 0xde8df000 LB 0x920
00:00:05.181981 EFI: VBoxDbg> loadimage64 'AcpiTableDxe.efi' 0xde8d3000 LB 0x48c0
00:00:05.182362 EFI: VBoxDbg> loadimage64 'DpcDxe.efi' 0xde8da000 LB 0xb20
00:00:05.182687 EFI: VBoxDbg> loadimage64 'IoMmuDxe.efi' 0xde8d1000 LB 0x1780
00:00:05.183102 EFI: VBoxDbg> loadimage64 'EmuVariableFvbRuntimeDxe.efi' 0xdeee5000 LB 0xe40
00:00:05.183446 EFI: VBoxDbg> unload 'EmuVariableFvbRuntimeDxe.efi' # 0xdeee5000 LB 0xe40
00:00:05.189333 EFI: VBoxDbg> loadimage64 'VariableRuntimeDxe.efi' 0xdee5c000 LB 0x899a0
00:00:05.201123 EFI: VBoxDbg> loadimage64 'TcgDxe.efi' 0xde8c9000 LB 0x3aa0
00:00:05.201511 EFI: VBoxDbg> unload 'TcgDxe.efi' # 0xde8c9000 LB 0x3aa0
00:00:05.201970 EFI: VBoxDbg> loadimage64 'StatusCodeHandlerRuntimeDxe.efi' 0xdee5b000 LB 0xa80
00:00:05.202323 EFI: VBoxDbg> loadimage64 'Timer.efi' 0xde8d0000 LB 0x880
00:00:05.202464 PIT: mode=3 count=0x2e9c (11932) - 99.99 Hz (ch=0)
00:00:05.202929 EFI: VBoxDbg> loadimage64 'PciHostBridgeDxe.efi' 0xde8c6000 LB 0x4c80
00:00:05.204853 EFI: VBoxDbg> loadimage64 'SetupBrowser.efi' 0xde1a4000 LB 0x123c0
00:00:05.205215 EFI: VBoxDbg> loadimage64 'SmbiosDxe.efi' 0xde8c3000 LB 0x2460
00:00:05.205776 EFI: VBoxDbg> loadimage64 'AcpiPlatform.efi' 0xde8cc000 LB 0x720
00:00:05.206359 EFI: VBoxDbg> unload 'AcpiPlatform.efi' # 0xde8cc000 LB 0x720
00:00:05.206755 EFI: VBoxDbg> loadimage64 'tftpDynamicCommand.efi' 0xde40c000 LB 0x8800
00:00:05.207172 EFI: VBoxDbg> loadimage64 'httpDynamicCommand.efi' 0xde401000 LB 0xaa60
00:00:05.207563 EFI: VBoxDbg> loadimage64 'LinuxInitrdDynamicShellCommand.efi' 0xde19d000 LB 0x6080
00:00:05.207892 EFI: VBoxDbg> loadimage64 'LogoDxe.efi' 0xde189000 LB 0x9a80
00:00:05.208304 EFI: VBoxDbg> loadimage64 'FaultTolerantWriteDxe.efi' 0xde89a000 LB 0x2ca0
00:00:05.218111 EFI: VBoxDbg> loadimage64 'Tcg2Dxe.efi' 0xde171000 LB 0xbea0
00:00:05.218712 EFI: VBoxDbg> unload 'Tcg2Dxe.efi' # 0xde171000 LB 0xbea0
00:00:05.218839 EFI: VBoxDbg> loadimage64 'PcRtc.efi' 0xdee58000 LB 0x23a0
00:00:05.225550 EFI: VBoxDbg> loadimage64 'SecureBootConfigDxe.efi' 0xde0ab000 LB 0x6e4c0
00:00:05.226032 EFI: VBoxDbg> loadimage64 'WatchdogTimer.efi' 0xde184000 LB 0x7e0
00:00:05.226462 EFI: VBoxDbg> loadimage64 'MonotonicCounterRuntimeDxe.efi' 0xdee57000 LB 0x840
00:00:05.227644 EFI: VBoxDbg> loadimage64 'CapsuleRuntimeDxe.efi' 0xdee56000 LB 0x920
00:00:05.228028 EFI: VBoxDbg> loadimage64 'DriverHealthManagerDxe.efi' 0xde179000 LB 0x41e0
00:00:05.228383 EFI: VBoxDbg> loadimage64 'BdsDxe.efi' 0xde14b000 LB 0x16340
00:00:05.228951 EFI: VBoxDbg> loadimage64 'RamDiskDxe.efi' 0xde167000 LB 0x81e0
00:00:05.229339 EFI: VBoxDbg> loadimage64 'DisplayEngine.efi' 0xde129000 LB 0x107a0
00:00:05.229822 EFI: VBoxDbg> loadimage64 'SmbiosPlatformDxe.efi' 0xde165000 LB 0x1280
00:00:05.230393 EFI: VBoxDbg> loadimage64 'PlatformDxe.efi' 0xde143000 LB 0x3620
00:00:05.231019 EFI: VBoxDbg> loadimage64 'PciBusDxe.efi' 0xde0a0000 LB 0xade0
00:00:05.231380 EFI: VBoxDbg> loadimage64 'VirtioPciDeviceDxe.efi' 0xde149000 LB 0x1120
00:00:05.231713 EFI: VBoxDbg> loadimage64 'Virtio10.efi' 0xde140000 LB 0x2560
00:00:05.232066 EFI: VBoxDbg> loadimage64 'VirtioScsiDxe.efi' 0xde147000 LB 0x1f20
00:00:05.232402 EFI: VBoxDbg> loadimage64 'PvScsiDxe.efi' 0xde13e000 LB 0x1a00
00:00:05.232753 EFI: VBoxDbg> loadimage64 'MptScsiDxe.efi' 0xde13c000 LB 0x17e0
00:00:05.233125 EFI: VBoxDbg> loadimage64 'ConPlatformDxe.efi' 0xde127000 LB 0x1c40
00:00:05.233499 EFI: VBoxDbg> loadimage64 'ConSplitterDxe.efi' 0xde11b000 LB 0x5500
00:00:05.234074 EFI: VBoxDbg> loadimage64 'GraphicsConsoleDxe.efi' 0xde09c000 LB 0x3e80
00:00:05.234705 EFI: VBoxDbg> loadimage64 'TerminalDxe.efi' 0xde090000 LB 0x4e80
00:00:05.235083 EFI: VBoxDbg> loadimage64 'QemuKernelLoaderFsDxe.efi' 0xde098000 LB 0x1900
00:00:05.235640 EFI: VBoxDbg> unload 'QemuKernelLoaderFsDxe.efi' # 0xde098000 LB 0x1900
00:00:05.236052 EFI: VBoxDbg> loadimage64 'DiskIoDxe.efi' 0xde098000 LB 0x1fa0
00:00:05.236629 EFI: VBoxDbg> loadimage64 'PartitionDxe.efi' 0xde086000 LB 0x4f60
00:00:05.237009 EFI: VBoxDbg> loadimage64 'EnglishDxe.efi' 0xde121000 LB 0xd80
00:00:05.237370 EFI: VBoxDbg> loadimage64 'ScsiBus.efi' 0xde08e000 LB 0x1e80
00:00:05.238062 EFI: VBoxDbg> loadimage64 'ScsiDisk.efi' 0xde076000 LB 0x77c0
00:00:05.238449 EFI: VBoxDbg> loadimage64 'SataController.efi' 0xde08c000 LB 0x1420
00:00:05.239008 EFI: VBoxDbg> loadimage64 'AtaAtapiPassThruDxe.efi' 0xde06e000 LB 0x70a0
00:00:05.239435 EFI: VBoxDbg> loadimage64 'AtaBusDxe.efi' 0xde07e000 LB 0x3720
00:00:05.240224 EFI: VBoxDbg> loadimage64 'NvmExpressDxe.efi' 0xde060000 LB 0x6c20
00:00:05.240581 EFI: VBoxDbg> loadimage64 'SioBusDxe.efi' 0xde084000 LB 0x1520
00:00:05.241066 EFI: VBoxDbg> loadimage64 'PciSioSerialDxe.efi' 0xde05b000 LB 0x4b80
00:00:05.241534 EFI: VBoxDbg> loadimage64 'Ps2KeyboardDxe.efi' 0xde057000 LB 0x33c0
00:00:05.241986 EFI: VBoxDbg> loadimage64 'VBoxVgaMiniPortDxe.efi' 0xde068000 LB 0x28a0
00:00:05.242511 EFI: VBoxDbg> loadimage64 'VBoxVgaDxe.efi' 0xde04f000 LB 0x32c0
00:00:05.243219 EFI: VBoxDbg> loadimage64 'VBoxHfs.efi' 0xde041000 LB 0x61a0
00:00:05.243598 EFI: VBoxDbg> loadimage64 'VBoxSysTables.efi' 0xde06d000 LB 0xa80
00:00:05.256052 EFI: VBoxDbg> loadimage64 'VBoxAppleSim.efi' 0xde04c000 LB 0x2a40
00:00:05.258947 EFI: VBoxDbg> loadimage64 'VBoxApfsJmpStartDxe.efi' 0xde055000 LB 0x1140
00:00:05.259363 EFI: VBoxDbg> loadimage64 'BootGraphicsResourceTableDxe.efi' 0xde067000 LB 0xf00
00:00:05.260012 EFI: VBoxDbg> loadimage64 'Fat.efi' 0xde033000 LB 0x6ec0
00:00:05.260385 EFI: VBoxDbg> loadimage64 'UdfDxe.efi' 0xde03d000 LB 0x3dc0
00:00:05.260985 EFI: VBoxDbg> loadimage64 'VirtioFsDxe.efi' 0xde027000 LB 0x5ac0
00:00:05.261472 EFI: VBoxDbg> loadimage64 'SnpDxe.efi' 0xde021000 LB 0x5480
00:00:05.261484 EFI: VBoxDbg> loadimage64 'VlanConfigDxe.efi' 0xde01b000 LB 0x5380
00:00:05.262640 EFI: VBoxDbg> loadimage64 'MnpDxe.efi' 0xde00d000 LB 0x6d40
00:00:05.262994 EFI: VBoxDbg> loadimage64 'ArpDxe.efi' 0xde02f000 LB 0x3440
00:00:05.263761 EFI: VBoxDbg> loadimage64 'Dhcp4Dxe.efi' 0xddffd000 LB 0x7fa0
00:00:05.264810 EFI: VBoxDbg> loadimage64 'Ip4Dxe.efi' 0xddfdb000 LB 0x10400
00:00:05.265173 EFI: VBoxDbg> loadimage64 'Udp4Dxe.efi' 0xddff5000 LB 0x7040
00:00:05.266059 EFI: VBoxDbg> loadimage64 'Mtftp4Dxe.efi' 0xddfed000 LB 0x7640
00:00:05.266952 EFI: VBoxDbg> loadimage64 'TcpDxe.efi' 0xddfc1000 LB 0xc4c0
00:00:05.268526 EFI: VBoxDbg> loadimage64 'UefiPxeBcDxe.efi' 0xddfa1000 LB 0xf880
00:00:05.270250 EFI: VBoxDbg> loadimage64 'IScsiDxe.efi' 0xddf6b000 LB 0x1a1a0
00:00:05.354267 EFI: VBoxDbg> loadimage64 'VirtioNetDxe.efi' 0xddfd7000 LB 0x3240
00:00:05.354649 EFI: VBoxDbg> loadimage64 'E1kNetDxe.efi' 0xde005000 LB 0x2ce0
00:00:05.355025 EFI: VBoxDbg> loadimage64 'UhciDxe.efi' 0xddfbc000 LB 0x4220
00:00:05.355446 EFI: VBoxDbg> loadimage64 'EhciDxe.efi' 0xddfb7000 LB 0x4cc0
00:00:05.355818 EFI: VBoxDbg> loadimage64 'XhciDxe.efi' 0xddf99000 LB 0x76e0
00:00:05.356221 EFI: VBoxDbg> loadimage64 'UsbBusDxe.efi' 0xddfb2000 LB 0x4d40
00:00:05.356598 EFI: VBoxDbg> loadimage64 'UsbKbDxe.efi' 0xddfcf000 LB 0x3de0
00:00:05.357004 EFI: VBoxDbg> loadimage64 'UsbMassStorageDxe.efi' 0xddf95000 LB 0x3100
00:00:05.914691 ERROR [COM]: aRC=VBOX_E_VM_ERROR (0x80bb0003) aIID={4680b2de-8690-11e9-b83d-5719e53cf1de} aComponent={DisplayWrap} aText={Could not take a screenshot (VERR_NOT_SUPPORTED)}, preserve=false aResultDetail=-37
00:00:06.037958 Display::i_handleDisplayResize: uScreenId=0 pvVRAM=00000207a10b0000 w=1024 h=768 bpp=32 cbLine=0x1000 flags=0x0 origin=0,0
00:00:06.166471 PS2K: Selected scan set 2
00:00:06.177894 EHCI: Hardware reset
00:00:06.178135 EHCI: USB Operational
00:00:06.251898 ATA: LUN#2: EXECUTE DEVICE DIAGNOSTIC, status 00
00:00:06.310432 AHCI#0: Reset the HBA
00:00:06.310450 VD#0: Cancelling all active requests
00:00:06.536677 GUI: UIMediumEnumerator: Medium-enumeration finished!
00:00:06.604146 EFI: VBoxDbg> loadimage64 '.efi' 0xdd5f4000 LB 0x118000
00:00:06.641268 EFI: VBoxDbg> loadimage64 '.efi' 0xdd3ac000 LB 0x118000
00:00:08.604026 GUI: UIMediumEnumerator: Medium-enumeration finished!
00:00:10.833653 GUI: UIMediumEnumerator: Medium-enumeration finished!
00:00:11.270633 NAT: Link up
00:00:12.491789 EHCI: USB Suspended
00:00:12.491909 EHCI: Hardware reset
00:00:12.504964 EFI: debug point DXE_AP
00:00:12.520720 GIM: KVM: VCPU  0: Enabled system-time struct. at 0x0000000015403000 - u32TscScale=0x8aa40be1 i8TscShift=-1 uVersion=2 fFlags=0x1 uTsc=0x6a343b630 uVirtNanoTS=0x1cc21b33b TscKHz=3692996
00:00:12.520735 TM: Host/VM is not suitable for using TSC mode 'RealTSCOffset', request to change TSC mode ignored
00:00:13.210873 GIM: KVM: Enabled wall-clock struct. at 0x0000000015402000 - u32Sec=1747830129 u32Nano=854667202 uVersion=2
00:00:13.595606 PIT: mode=2 count=0x4a9 (1193) - 1000.15 Hz (ch=0)
00:00:13.677476 EFI: relocate module to 0xfffffffefeaec000 from 0xdeeec000
00:00:13.677670 EFI: relocate module to 0xfffffffefeaea000 from 0xdeeea000
00:00:13.677847 EFI: relocate module to 0xfffffffefeae6000 from 0xdeee6000
00:00:13.678023 EFI: relocate module to 0xfffffffefea5c000 from 0xdee5c000
00:00:13.678247 EFI: relocate module to 0xfffffffefea5b000 from 0xdee5b000
00:00:13.678430 EFI: relocate module to 0xfffffffefea58000 from 0xdee58000
00:00:13.678612 EFI: relocate module to 0xfffffffefea57000 from 0xdee57000
00:00:13.678794 EFI: relocate module to 0xfffffffefea56000 from 0xdee56000
00:00:13.807822 PIT: mode=0 count=0x10000 (65536) - 18.20 Hz (ch=0)
00:00:13.840707 GIM: KVM: VCPU  1: Enabled system-time struct. at 0x0000000015403040 - u32TscScale=0x8aa40be1 i8TscShift=-1 uVersion=2 fFlags=0x1 uTsc=0x7c5d305cd uVirtNanoTS=0x21acf6c56 TscKHz=3692996
00:00:13.840728 TM: Host/VM is not suitable for using TSC mode 'RealTSCOffset', request to change TSC mode ignored
00:00:14.118392 OHCI: Software reset
00:00:14.379030 OHCI: USB Reset
00:00:14.441868 OHCI: Software reset
00:00:14.442261 OHCI: USB Operational
00:00:14.468005 OHCI: USB Suspended
00:00:14.475264 EHCI: Hardware reset
00:00:14.476103 EHCI: USB Operational
00:00:14.513174 EHCI: USB Suspended
00:00:17.370645 AHCI#0: Reset the HBA
00:00:17.370669 VD#0: Cancelling all active requests
00:00:17.397431 PIIX3 ATA: Ctl#1: RESET, DevSel=0 AIOIf=0 CmdIf0=0xa0 (-1 usec ago) CmdIf1=0x00 (-1 usec ago)
00:00:17.397632 PIIX3 ATA: Ctl#1: finished processing RESET
00:00:17.412113 AHCI#0: Port 0 reset
00:00:17.413469 VD#0: Cancelling all active requests
00:00:20.764793 NAT: Link up
00:00:25.252101 AIOMgr: Async flushes not supported
00:00:25.840818 Enabling different vbva mode
00:00:25.842355 Display::i_handleDisplayResize: uScreenId=0 pvVRAM=00000207a1498000 w=1280 h=800 bpp=32 cbLine=0x1400 flags=0x1 origin=0,0
00:00:26.091149 AC97: Reset
00:00:26.091173 AC97: Mixer reset (EAID=0x809, EACS=0x9)
00:00:26.091177 AC97: Record select to left=mic, right=mic
00:00:26.092235 AC97: Reset
00:00:26.092251 AC97: Mixer reset (EAID=0x809, EACS=0x9)
00:00:26.092254 AC97: Record select to left=mic, right=mic
00:00:26.119318 AC97: Record select to left=mic, right=mic
00:00:26.163804 GUI: UIMediumEnumerator: Medium-enumeration finished!
00:00:27.013094 NAT: DHCP offered IP address 10.0.2.15
00:00:27.115107 NAT: IPv6 not supported
00:04:17.139154 Changing the VM state from 'RUNNING' to 'SUSPENDING'
00:04:17.150528 AIOMgr: Endpoint for file 'C:\SBU\CloudClub_bootC\IaC\bootc-webserver.vdi' (flags 000c0781) created successfully
00:04:17.151151 PDMR3Suspend: 11 996 608 ns run time
00:04:17.151160 Changing the VM state from 'SUSPENDING' to 'SUSPENDED'
00:04:17.151168 Console: Machine state changed to 'Paused'
00:04:20.650759 Changing the VM state from 'SUSPENDED' to 'RESUMING'
00:04:20.651123 AIOMgr: Endpoint for file 'C:\SBU\CloudClub_bootC\IaC\bootc-webserver.vdi' (flags 000c0723) created successfully
00:04:20.651736 Changing the VM state from 'RESUMING' to 'RUNNING'
00:04:20.651748 Console: Machine state changed to 'Running'
00:04:57.654423 AIOMgr: Async flushes not supported
00:20:33.382835 GUI: UIMediumEnumerator: Medium-enumeration finished!
00:20:34.756283 GUI: UIMediumEnumerator: Medium-enumeration finished!
00:20:54.745167 GUI: UIMediumEnumerator: Medium-enumeration finished!
